3.062229130000000000e+08
3.062229259698996544e+08
3.062229389397993088e+08
3.062229519096990228e+08
3.062229648795986772e+08
3.062229778494983315e+08
3.062229908193979859e+08
3.062230037892976403e+08
3.062230167591972947e+08
3.062230297290970087e+08
3.062230426989966631e+08
3.062230556688963175e+08
3.062230686387959719e+08
3.062230816086956263e+08
3.062230945785953403e+08
3.062231075484949946e+08
3.062231205183946490e+08
3.062231334882943034e+08
3.062231464581939578e+08
3.062231594280936718e+08
3.062231723979933262e+08
3.062231853678929806e+08
3.062231983377926350e+08
3.062232113076922894e+08
3.062232242775919437e+08
3.062232372474916577e+08
3.062232502173913121e+08
3.062232631872909665e+08
3.062232761571906209e+08
3.062232891270902753e+08
3.062233020969899893e+08
3.062233150668896437e+08
3.062233280367892981e+08
3.062233410066889524e+08
3.062233539765886068e+08
3.062233669464883208e+08
3.062233799163879752e+08
3.062233928862876296e+08
3.062234058561872840e+08
3.062234188260869384e+08
3.062234317959865928e+08
3.062234447658863068e+08
3.062234577357859612e+08
3.062234707056856155e+08
3.062234836755852699e+08
3.062234966454849243e+08
3.062235096153846383e+08
3.062235225852842927e+08
3.062235355551839471e+08
3.062235485250836015e+08
3.062235614949832559e+08
3.062235744648829699e+08
3.062235874347826242e+08
3.062236004046822786e+08
3.062236133745819330e+08
3.062236263444815874e+08
3.062236393143812418e+08
3.062236522842809558e+08
3.062236652541806102e+08
3.062236782240802646e+08
3.062236911939799190e+08
3.062237041638795733e+08
3.062237171337792873e+08
3.062237301036789417e+08
3.062237430735785961e+08
3.062237560434782505e+08
3.062237690133779049e+08
3.062237819832776189e+08
3.062237949531772733e+08
3.062238079230769277e+08
3.062238208929765821e+08
3.062238338628762364e+08
3.062238468327758908e+08
3.062238598026756048e+08
3.062238727725752592e+08
3.062238857424749136e+08
3.062238987123745680e+08
3.062239116822742224e+08
3.062239246521739364e+08
3.062239376220735908e+08
3.062239505919732451e+08
3.062239635618728995e+08
3.062239765317725539e+08
3.062239895016722679e+08
3.062240024715719223e+08
3.062240154414715767e+08
3.062240284113712311e+08
3.062240413812708855e+08
3.062240543511705399e+08
3.062240673210702538e+08
3.062240802909699082e+08
3.062240932608695626e+08
3.062241062307692170e+08
3.062241192006688714e+08
3.062241321705685854e+08
3.062241451404682398e+08
3.062241581103678942e+08
3.062241710802675486e+08
3.062241840501672029e+08
3.062241970200669169e+08
3.062242099899665713e+08
3.062242229598662257e+08
3.062242359297658801e+08
3.062242488996655345e+08
3.062242618695651889e+08
3.062242748394649029e+08
3.062242878093645573e+08
3.062243007792642117e+08
3.062243137491638660e+08
3.062243267190635204e+08
3.062243396889632344e+08
3.062243526588628888e+08
3.062243656287625432e+08
3.062243785986621976e+08
3.062243915685618520e+08
3.062244045384615660e+08
3.062244175083612204e+08
3.062244304782608747e+08
3.062244434481605291e+08
3.062244564180601835e+08
3.062244693879598379e+08
3.062244823578595519e+08
3.062244953277592063e+08
3.062245082976588607e+08
3.062245212675585151e+08
3.062245342374581695e+08
3.062245472073578835e+08
3.062245601772575378e+08
3.062245731471571922e+08
3.062245861170568466e+08
3.062245990869565010e+08
3.062246120568562150e+08
3.062246250267558694e+08
3.062246379966555238e+08
3.062246509665551782e+08
3.062246639364548326e+08
3.062246769063544869e+08
3.062246898762542009e+08
3.062247028461538553e+08
3.062247158160535097e+08
3.062247287859531641e+08
3.062247417558528185e+08
3.062247547257525325e+08
3.062247676956521869e+08
3.062247806655518413e+08
3.062247936354514956e+08
3.062248066053511500e+08
3.062248195752508640e+08
3.062248325451505184e+08
3.062248455150501728e+08
3.062248584849498272e+08
3.062248714548494816e+08
3.062248844247491360e+08
3.062248973946488500e+08
3.062249103645485044e+08
3.062249233344481587e+08
3.062249363043478131e+08
3.062249492742474675e+08
3.062249622441471815e+08
3.062249752140468359e+08
3.062249881839464903e+08
3.062250011538461447e+08
3.062250141237457991e+08
3.062250270936455131e+08
3.062250400635451674e+08
3.062250530334448218e+08
3.062250660033444762e+08
3.062250789732441306e+08
3.062250919431437850e+08
3.062251049130434990e+08
3.062251178829431534e+08
3.062251308528428078e+08
3.062251438227424622e+08
3.062251567926421165e+08
3.062251697625418305e+08
3.062251827324414849e+08
3.062251957023411393e+08
3.062252086722407937e+08
3.062252216421404481e+08
3.062252346120401621e+08
3.062252475819398165e+08
3.062252605518394709e+08
3.062252735217391253e+08
3.062252864916387796e+08
3.062252994615384340e+08
3.062253124314381480e+08
3.062253254013378024e+08
3.062253383712374568e+08
3.062253513411371112e+08
3.062253643110367656e+08
3.062253772809364796e+08
3.062253902508361340e+08
3.062254032207357883e+08
3.062254161906354427e+08
3.062254291605350971e+08
3.062254421304348111e+08
3.062254551003344655e+08
3.062254680702341199e+08
3.062254810401337743e+08
3.062254940100334287e+08
3.062255069799330831e+08
3.062255199498327971e+08
3.062255329197324514e+08
3.062255458896321058e+08
3.062255588595317602e+08
3.062255718294314146e+08
3.062255847993311286e+08
3.062255977692307830e+08
3.062256107391304374e+08
3.062256237090300918e+08
3.062256366789297462e+08
3.062256496488294601e+08
3.062256626187291145e+08
3.062256755886287689e+08
3.062256885585284233e+08
3.062257015284280777e+08
3.062257144983277321e+08
3.062257274682274461e+08
3.062257404381271005e+08
3.062257534080267549e+08
3.062257663779264092e+08
3.062257793478260636e+08
3.062257923177257776e+08
3.062258052876254320e+08
3.062258182575250864e+08
3.062258312274247408e+08
3.062258441973243952e+08
3.062258571672241092e+08
3.062258701371237636e+08
3.062258831070234179e+08
3.062258960769230723e+08
3.062259090468227267e+08
3.062259220167223811e+08
3.062259349866220951e+08
3.062259479565217495e+08
3.062259609264214039e+08
3.062259738963210583e+08
3.062259868662207127e+08
3.062259998361204267e+08
3.062260128060200810e+08
3.062260257759197354e+08
3.062260387458193898e+08
3.062260517157190442e+08
3.062260646856187582e+08
3.062260776555184126e+08
3.062260906254180670e+08
3.062261035953177214e+08
3.062261165652173758e+08
3.062261295351170301e+08
3.062261425050167441e+08
3.062261554749163985e+08
3.062261684448160529e+08
3.062261814147157073e+08
3.062261943846153617e+08
3.062262073545150757e+08
3.062262203244147301e+08
3.062262332943143845e+08
3.062262462642140388e+08
3.062262592341136932e+08
3.062262722040134072e+08
3.062262851739130616e+08
3.062262981438127160e+08
3.062263111137123704e+08
3.062263240836120248e+08
3.062263370535116792e+08
3.062263500234113932e+08
3.062263629933110476e+08
3.062263759632107019e+08
3.062263889331103563e+08
3.062264019030100107e+08
3.062264148729097247e+08
3.062264278428093791e+08
3.062264408127090335e+08
3.062264537826086879e+08
3.062264667525083423e+08
3.062264797224080563e+08
3.062264926923077106e+08
3.062265056622073650e+08
3.062265186321070194e+08
3.062265316020066738e+08
3.062265445719063282e+08
3.062265575418060422e+08
3.062265705117056966e+08
3.062265834816053510e+08
3.062265964515050054e+08
3.062266094214046597e+08
3.062266223913043737e+08
3.062266353612040281e+08
3.062266483311036825e+08
3.062266613010033369e+08
3.062266742709029913e+08
3.062266872408027053e+08
3.062267002107023597e+08
3.062267131806020141e+08
3.062267261505016685e+08
3.062267391204013228e+08
3.062267520903009772e+08
3.062267650602006912e+08
3.062267780301003456e+08
3.062267910000000000e+08
