-9.633691740000000000e+08
-9.633691620881763697e+08
-9.633691501763527393e+08
-9.633691382645291090e+08
-9.633691263527053595e+08
-9.633691144408817291e+08
-9.633691025290580988e+08
-9.633690906172344685e+08
-9.633690787054108381e+08
-9.633690667935872078e+08
-9.633690548817635775e+08
-9.633690429699398279e+08
-9.633690310581161976e+08
-9.633690191462925673e+08
-9.633690072344689369e+08
-9.633689953226453066e+08
-9.633689834108216763e+08
-9.633689714989980459e+08
-9.633689595871742964e+08
-9.633689476753506660e+08
-9.633689357635270357e+08
-9.633689238517034054e+08
-9.633689119398797750e+08
-9.633689000280561447e+08
-9.633688881162325144e+08
-9.633688762044087648e+08
-9.633688642925851345e+08
-9.633688523807615042e+08
-9.633688404689378738e+08
-9.633688285571142435e+08
-9.633688166452906132e+08
-9.633688047334669828e+08
-9.633687928216432333e+08
-9.633687809098196030e+08
-9.633687689979959726e+08
-9.633687570861723423e+08
-9.633687451743487120e+08
-9.633687332625250816e+08
-9.633687213507014513e+08
-9.633687094388777018e+08
-9.633686975270540714e+08
-9.633686856152304411e+08
-9.633686737034068108e+08
-9.633686617915831804e+08
-9.633686498797595501e+08
-9.633686379679359198e+08
-9.633686260561121702e+08
-9.633686141442885399e+08
-9.633686022324649096e+08
-9.633685903206412792e+08
-9.633685784088176489e+08
-9.633685664969940186e+08
-9.633685545851703882e+08
-9.633685426733466387e+08
-9.633685307615230083e+08
-9.633685188496993780e+08
-9.633685069378757477e+08
-9.633684950260521173e+08
-9.633684831142284870e+08
-9.633684712024048567e+08
-9.633684592905811071e+08
-9.633684473787574768e+08
-9.633684354669338465e+08
-9.633684235551102161e+08
-9.633684116432865858e+08
-9.633683997314629555e+08
-9.633683878196393251e+08
-9.633683759078155756e+08
-9.633683639959919453e+08
-9.633683520841683149e+08
-9.633683401723446846e+08
-9.633683282605210543e+08
-9.633683163486974239e+08
-9.633683044368737936e+08
-9.633682925250500441e+08
-9.633682806132264137e+08
-9.633682687014027834e+08
-9.633682567895791531e+08
-9.633682448777555227e+08
-9.633682329659318924e+08
-9.633682210541082621e+08
-9.633682091422845125e+08
-9.633681972304608822e+08
-9.633681853186372519e+08
-9.633681734068136215e+08
-9.633681614949899912e+08
-9.633681495831663609e+08
-9.633681376713427305e+08
-9.633681257595189810e+08
-9.633681138476953506e+08
-9.633681019358717203e+08
-9.633680900240480900e+08
-9.633680781122244596e+08
-9.633680662004008293e+08
-9.633680542885771990e+08
-9.633680423767534494e+08
-9.633680304649298191e+08
-9.633680185531061888e+08
-9.633680066412825584e+08
-9.633679947294589281e+08
-9.633679828176352978e+08
-9.633679709058116674e+08
-9.633679589939879179e+08
-9.633679470821642876e+08
-9.633679351703406572e+08
-9.633679232585170269e+08
-9.633679113466933966e+08
-9.633678994348697662e+08
-9.633678875230461359e+08
-9.633678756112223864e+08
-9.633678636993987560e+08
-9.633678517875751257e+08
-9.633678398757514954e+08
-9.633678279639278650e+08
-9.633678160521042347e+08
-9.633678041402806044e+08
-9.633677922284568548e+08
-9.633677803166332245e+08
-9.633677684048095942e+08
-9.633677564929859638e+08
-9.633677445811623335e+08
-9.633677326693387032e+08
-9.633677207575150728e+08
-9.633677088456913233e+08
-9.633676969338676929e+08
-9.633676850220440626e+08
-9.633676731102204323e+08
-9.633676611983968019e+08
-9.633676492865731716e+08
-9.633676373747495413e+08
-9.633676254629259109e+08
-9.633676135511021614e+08
-9.633676016392785311e+08
-9.633675897274549007e+08
-9.633675778156312704e+08
-9.633675659038076401e+08
-9.633675539919840097e+08
-9.633675420801603794e+08
-9.633675301683366299e+08
-9.633675182565129995e+08
-9.633675063446893692e+08
-9.633674944328657389e+08
-9.633674825210421085e+08
-9.633674706092184782e+08
-9.633674586973948479e+08
-9.633674467855710983e+08
-9.633674348737474680e+08
-9.633674229619238377e+08
-9.633674110501002073e+08
-9.633673991382765770e+08
-9.633673872264529467e+08
-9.633673753146293163e+08
-9.633673634028055668e+08
-9.633673514909819365e+08
-9.633673395791583061e+08
-9.633673276673346758e+08
-9.633673157555110455e+08
-9.633673038436874151e+08
-9.633672919318637848e+08
-9.633672800200400352e+08
-9.633672681082164049e+08
-9.633672561963927746e+08
-9.633672442845691442e+08
-9.633672323727455139e+08
-9.633672204609218836e+08
-9.633672085490982533e+08
-9.633671966372745037e+08
-9.633671847254508734e+08
-9.633671728136272430e+08
-9.633671609018036127e+08
-9.633671489899799824e+08
-9.633671370781563520e+08
-9.633671251663327217e+08
-9.633671132545089722e+08
-9.633671013426853418e+08
-9.633670894308617115e+08
-9.633670775190380812e+08
-9.633670656072144508e+08
-9.633670536953908205e+08
-9.633670417835671902e+08
-9.633670298717434406e+08
-9.633670179599198103e+08
-9.633670060480961800e+08
-9.633669941362725496e+08
-9.633669822244489193e+08
-9.633669703126252890e+08
-9.633669584008016586e+08
-9.633669464889779091e+08
-9.633669345771542788e+08
-9.633669226653306484e+08
-9.633669107535070181e+08
-9.633668988416833878e+08
-9.633668869298597574e+08
-9.633668750180361271e+08
-9.633668631062123775e+08
-9.633668511943887472e+08
-9.633668392825651169e+08
-9.633668273707414865e+08
-9.633668154589178562e+08
-9.633668035470942259e+08
-9.633667916352705956e+08
-9.633667797234468460e+08
-9.633667678116232157e+08
-9.633667558997995853e+08
-9.633667439879759550e+08
-9.633667320761523247e+08
-9.633667201643286943e+08
-9.633667082525050640e+08
-9.633666963406813145e+08
-9.633666844288576841e+08
-9.633666725170340538e+08
-9.633666606052104235e+08
-9.633666486933867931e+08
-9.633666367815631628e+08
-9.633666248697395325e+08
-9.633666129579157829e+08
-9.633666010460921526e+08
-9.633665891342685223e+08
-9.633665772224448919e+08
-9.633665653106212616e+08
-9.633665533987976313e+08
-9.633665414869740009e+08
-9.633665295751502514e+08
-9.633665176633266211e+08
-9.633665057515029907e+08
-9.633664938396793604e+08
-9.633664819278557301e+08
-9.633664700160320997e+08
-9.633664581042084694e+08
-9.633664461923847198e+08
-9.633664342805610895e+08
-9.633664223687374592e+08
-9.633664104569138288e+08
-9.633663985450901985e+08
-9.633663866332665682e+08
-9.633663747214429379e+08
-9.633663628096191883e+08
-9.633663508977955580e+08
-9.633663389859719276e+08
-9.633663270741482973e+08
-9.633663151623246670e+08
-9.633663032505010366e+08
-9.633662913386774063e+08
-9.633662794268536568e+08
-9.633662675150300264e+08
-9.633662556032063961e+08
-9.633662436913827658e+08
-9.633662317795591354e+08
-9.633662198677355051e+08
-9.633662079559118748e+08
-9.633661960440881252e+08
-9.633661841322644949e+08
-9.633661722204408646e+08
-9.633661603086172342e+08
-9.633661483967936039e+08
-9.633661364849699736e+08
-9.633661245731463432e+08
-9.633661126613225937e+08
-9.633661007494989634e+08
-9.633660888376753330e+08
-9.633660769258517027e+08
-9.633660650140280724e+08
-9.633660531022044420e+08
-9.633660411903808117e+08
-9.633660292785570621e+08
-9.633660173667334318e+08
-9.633660054549098015e+08
-9.633659935430861712e+08
-9.633659816312625408e+08
-9.633659697194389105e+08
-9.633659578076152802e+08
-9.633659458957915306e+08
-9.633659339839679003e+08
-9.633659220721442699e+08
-9.633659101603206396e+08
-9.633658982484970093e+08
-9.633658863366733789e+08
-9.633658744248497486e+08
-9.633658625130259991e+08
-9.633658506012023687e+08
-9.633658386893787384e+08
-9.633658267775551081e+08
-9.633658148657314777e+08
-9.633658029539078474e+08
-9.633657910420842171e+08
-9.633657791302604675e+08
-9.633657672184368372e+08
-9.633657553066132069e+08
-9.633657433947895765e+08
-9.633657314829659462e+08
-9.633657195711423159e+08
-9.633657076593186855e+08
-9.633656957474949360e+08
-9.633656838356713057e+08
-9.633656719238476753e+08
-9.633656600120240450e+08
-9.633656481002004147e+08
-9.633656361883767843e+08
-9.633656242765531540e+08
-9.633656123647294044e+08
-9.633656004529057741e+08
-9.633655885410821438e+08
-9.633655766292585135e+08
-9.633655647174348831e+08
-9.633655528056112528e+08
-9.633655408937876225e+08
-9.633655289819638729e+08
-9.633655170701402426e+08
-9.633655051583166122e+08
-9.633654932464929819e+08
-9.633654813346693516e+08
-9.633654694228457212e+08
-9.633654575110220909e+08
-9.633654455991983414e+08
-9.633654336873747110e+08
-9.633654217755510807e+08
-9.633654098637274504e+08
-9.633653979519038200e+08
-9.633653860400801897e+08
-9.633653741282565594e+08
-9.633653622164328098e+08
-9.633653503046091795e+08
-9.633653383927855492e+08
-9.633653264809619188e+08
-9.633653145691382885e+08
-9.633653026573146582e+08
-9.633652907454910278e+08
-9.633652788336672783e+08
-9.633652669218436480e+08
-9.633652550100200176e+08
-9.633652430981963873e+08
-9.633652311863727570e+08
-9.633652192745491266e+08
-9.633652073627254963e+08
-9.633651954509017467e+08
-9.633651835390781164e+08
-9.633651716272544861e+08
-9.633651597154308558e+08
-9.633651478036072254e+08
-9.633651358917835951e+08
-9.633651239799599648e+08
-9.633651120681362152e+08
-9.633651001563125849e+08
-9.633650882444889545e+08
-9.633650763326653242e+08
-9.633650644208416939e+08
-9.633650525090180635e+08
-9.633650405971944332e+08
-9.633650286853706837e+08
-9.633650167735470533e+08
-9.633650048617234230e+08
-9.633649929498997927e+08
-9.633649810380761623e+08
-9.633649691262525320e+08
-9.633649572144289017e+08
-9.633649453026051521e+08
-9.633649333907815218e+08
-9.633649214789578915e+08
-9.633649095671342611e+08
-9.633648976553106308e+08
-9.633648857434870005e+08
-9.633648738316633701e+08
-9.633648619198396206e+08
-9.633648500080159903e+08
-9.633648380961923599e+08
-9.633648261843687296e+08
-9.633648142725450993e+08
-9.633648023607214689e+08
-9.633647904488978386e+08
-9.633647785370740891e+08
-9.633647666252504587e+08
-9.633647547134268284e+08
-9.633647428016031981e+08
-9.633647308897795677e+08
-9.633647189779559374e+08
-9.633647070661323071e+08
-9.633646951543086767e+08
-9.633646832424849272e+08
-9.633646713306612968e+08
-9.633646594188376665e+08
-9.633646475070140362e+08
-9.633646355951904058e+08
-9.633646236833667755e+08
-9.633646117715431452e+08
-9.633645998597193956e+08
-9.633645879478957653e+08
-9.633645760360721350e+08
-9.633645641242485046e+08
-9.633645522124248743e+08
-9.633645403006012440e+08
-9.633645283887776136e+08
-9.633645164769538641e+08
-9.633645045651302338e+08
-9.633644926533066034e+08
-9.633644807414829731e+08
-9.633644688296593428e+08
-9.633644569178357124e+08
-9.633644450060120821e+08
-9.633644330941883326e+08
-9.633644211823647022e+08
-9.633644092705410719e+08
-9.633643973587174416e+08
-9.633643854468938112e+08
-9.633643735350701809e+08
-9.633643616232465506e+08
-9.633643497114228010e+08
-9.633643377995991707e+08
-9.633643258877755404e+08
-9.633643139759519100e+08
-9.633643020641282797e+08
-9.633642901523046494e+08
-9.633642782404810190e+08
-9.633642663286572695e+08
-9.633642544168336391e+08
-9.633642425050100088e+08
-9.633642305931863785e+08
-9.633642186813627481e+08
-9.633642067695391178e+08
-9.633641948577154875e+08
-9.633641829458917379e+08
-9.633641710340681076e+08
-9.633641591222444773e+08
-9.633641472104208469e+08
-9.633641352985972166e+08
-9.633641233867735863e+08
-9.633641114749499559e+08
-9.633640995631262064e+08
-9.633640876513025761e+08
-9.633640757394789457e+08
-9.633640638276553154e+08
-9.633640519158316851e+08
-9.633640400040080547e+08
-9.633640280921844244e+08
-9.633640161803606749e+08
-9.633640042685370445e+08
-9.633639923567134142e+08
-9.633639804448897839e+08
-9.633639685330661535e+08
-9.633639566212425232e+08
-9.633639447094188929e+08
-9.633639327975951433e+08
-9.633639208857715130e+08
-9.633639089739478827e+08
-9.633638970621242523e+08
-9.633638851503006220e+08
-9.633638732384769917e+08
-9.633638613266533613e+08
-9.633638494148296118e+08
-9.633638375030059814e+08
-9.633638255911823511e+08
-9.633638136793587208e+08
-9.633638017675350904e+08
-9.633637898557114601e+08
-9.633637779438878298e+08
-9.633637660320640802e+08
-9.633637541202404499e+08
-9.633637422084168196e+08
-9.633637302965931892e+08
-9.633637183847695589e+08
-9.633637064729459286e+08
-9.633636945611222982e+08
-9.633636826492985487e+08
-9.633636707374749184e+08
-9.633636588256512880e+08
-9.633636469138276577e+08
-9.633636350020040274e+08
-9.633636230901803970e+08
-9.633636111783567667e+08
-9.633635992665330172e+08
-9.633635873547093868e+08
-9.633635754428857565e+08
-9.633635635310621262e+08
-9.633635516192384958e+08
-9.633635397074148655e+08
-9.633635277955912352e+08
-9.633635158837674856e+08
-9.633635039719438553e+08
-9.633634920601202250e+08
-9.633634801482965946e+08
-9.633634682364729643e+08
-9.633634563246493340e+08
-9.633634444128257036e+08
-9.633634325010019541e+08
-9.633634205891783237e+08
-9.633634086773546934e+08
-9.633633967655310631e+08
-9.633633848537074327e+08
-9.633633729418838024e+08
-9.633633610300601721e+08
-9.633633491182364225e+08
-9.633633372064127922e+08
-9.633633252945891619e+08
-9.633633133827655315e+08
-9.633633014709419012e+08
-9.633632895591182709e+08
-9.633632776472946405e+08
-9.633632657354708910e+08
-9.633632538236472607e+08
-9.633632419118236303e+08
-9.633632300000000000e+08
