3.062229850000000000e+08
3.062229975953177214e+08
3.062230101906354427e+08
3.062230227859531641e+08
3.062230353812708855e+08
3.062230479765886068e+08
3.062230605719063282e+08
3.062230731672241092e+08
3.062230857625418305e+08
3.062230983578595519e+08
3.062231109531772733e+08
3.062231235484949946e+08
3.062231361438127160e+08
3.062231487391304374e+08
3.062231613344481587e+08
3.062231739297658801e+08
3.062231865250836015e+08
3.062231991204013228e+08
3.062232117157190442e+08
3.062232243110367656e+08
3.062232369063544869e+08
3.062232495016722679e+08
3.062232620969899893e+08
3.062232746923077106e+08
3.062232872876254320e+08
3.062232998829431534e+08
3.062233124782608747e+08
3.062233250735785961e+08
3.062233376688963175e+08
3.062233502642140388e+08
3.062233628595317602e+08
3.062233754548494816e+08
3.062233880501672029e+08
3.062234006454849243e+08
3.062234132408027053e+08
3.062234258361204267e+08
3.062234384314381480e+08
3.062234510267558694e+08
3.062234636220735908e+08
3.062234762173913121e+08
3.062234888127090335e+08
3.062235014080267549e+08
3.062235140033444762e+08
3.062235265986621976e+08
3.062235391939799190e+08
3.062235517892976403e+08
3.062235643846153617e+08
3.062235769799330831e+08
3.062235895752508640e+08
3.062236021705685854e+08
3.062236147658863068e+08
3.062236273612040281e+08
3.062236399565217495e+08
3.062236525518394709e+08
3.062236651471571922e+08
3.062236777424749136e+08
3.062236903377926350e+08
3.062237029331103563e+08
3.062237155284280777e+08
3.062237281237457991e+08
3.062237407190635204e+08
3.062237533143812418e+08
3.062237659096990228e+08
3.062237785050167441e+08
3.062237911003344655e+08
3.062238036956521869e+08
3.062238162909699082e+08
3.062238288862876296e+08
3.062238414816053510e+08
3.062238540769230723e+08
3.062238666722407937e+08
3.062238792675585151e+08
3.062238918628762364e+08
3.062239044581939578e+08
3.062239170535116792e+08
3.062239296488294601e+08
3.062239422441471815e+08
3.062239548394649029e+08
3.062239674347826242e+08
3.062239800301003456e+08
3.062239926254180670e+08
3.062240052207357883e+08
3.062240178160535097e+08
3.062240304113712311e+08
3.062240430066889524e+08
3.062240556020066738e+08
3.062240681973243952e+08
3.062240807926421165e+08
3.062240933879598379e+08
3.062241059832776189e+08
3.062241185785953403e+08
3.062241311739130616e+08
3.062241437692307830e+08
3.062241563645485044e+08
3.062241689598662257e+08
3.062241815551839471e+08
3.062241941505016685e+08
3.062242067458193898e+08
3.062242193411371112e+08
3.062242319364548326e+08
3.062242445317725539e+08
3.062242571270902753e+08
3.062242697224080563e+08
3.062242823177257776e+08
3.062242949130434990e+08
3.062243075083612204e+08
3.062243201036789417e+08
3.062243326989966631e+08
3.062243452943143845e+08
3.062243578896321058e+08
3.062243704849498272e+08
3.062243830802675486e+08
3.062243956755852699e+08
3.062244082709029913e+08
3.062244208662207127e+08
3.062244334615384340e+08
3.062244460568562150e+08
3.062244586521739364e+08
3.062244712474916577e+08
3.062244838428093791e+08
3.062244964381271005e+08
3.062245090334448218e+08
3.062245216287625432e+08
3.062245342240802646e+08
3.062245468193979859e+08
3.062245594147157073e+08
3.062245720100334287e+08
3.062245846053511500e+08
3.062245972006688714e+08
3.062246097959865928e+08
3.062246223913043737e+08
3.062246349866220951e+08
3.062246475819398165e+08
3.062246601772575378e+08
3.062246727725752592e+08
3.062246853678929806e+08
3.062246979632107019e+08
3.062247105585284233e+08
3.062247231538461447e+08
3.062247357491638660e+08
3.062247483444815874e+08
3.062247609397993088e+08
3.062247735351170301e+08
3.062247861304348111e+08
3.062247987257525325e+08
3.062248113210702538e+08
3.062248239163879752e+08
3.062248365117056966e+08
3.062248491070234179e+08
3.062248617023411393e+08
3.062248742976588607e+08
3.062248868929765821e+08
3.062248994882943034e+08
3.062249120836120248e+08
3.062249246789297462e+08
3.062249372742474675e+08
3.062249498695651889e+08
3.062249624648829699e+08
3.062249750602006912e+08
3.062249876555184126e+08
3.062250002508361340e+08
3.062250128461538553e+08
3.062250254414715767e+08
3.062250380367892981e+08
3.062250506321070194e+08
3.062250632274247408e+08
3.062250758227424622e+08
3.062250884180601835e+08
3.062251010133779049e+08
3.062251136086956263e+08
3.062251262040134072e+08
3.062251387993311286e+08
3.062251513946488500e+08
3.062251639899665713e+08
3.062251765852842927e+08
3.062251891806020141e+08
3.062252017759197354e+08
3.062252143712374568e+08
3.062252269665551782e+08
3.062252395618728995e+08
3.062252521571906209e+08
3.062252647525083423e+08
3.062252773478260636e+08
3.062252899431437850e+08
3.062253025384615660e+08
3.062253151337792873e+08
3.062253277290970087e+08
3.062253403244147301e+08
3.062253529197324514e+08
3.062253655150501728e+08
3.062253781103678942e+08
3.062253907056856155e+08
3.062254033010033369e+08
3.062254158963210583e+08
3.062254284916387796e+08
3.062254410869565010e+08
3.062254536822742224e+08
3.062254662775919437e+08
3.062254788729097247e+08
3.062254914682274461e+08
3.062255040635451674e+08
3.062255166588628888e+08
3.062255292541806102e+08
3.062255418494983315e+08
3.062255544448160529e+08
3.062255670401337743e+08
3.062255796354514956e+08
3.062255922307692170e+08
3.062256048260869384e+08
3.062256174214046597e+08
3.062256300167223811e+08
3.062256426120401621e+08
3.062256552073578835e+08
3.062256678026756048e+08
3.062256803979933262e+08
3.062256929933110476e+08
3.062257055886287689e+08
3.062257181839464903e+08
3.062257307792642117e+08
3.062257433745819330e+08
3.062257559698996544e+08
3.062257685652173758e+08
3.062257811605350971e+08
3.062257937558528185e+08
3.062258063511705399e+08
3.062258189464883208e+08
3.062258315418060422e+08
3.062258441371237636e+08
3.062258567324414849e+08
3.062258693277592063e+08
3.062258819230769277e+08
3.062258945183946490e+08
3.062259071137123704e+08
3.062259197090300918e+08
3.062259323043478131e+08
3.062259448996655345e+08
3.062259574949832559e+08
3.062259700903009772e+08
3.062259826856187582e+08
3.062259952809364796e+08
3.062260078762542009e+08
3.062260204715719223e+08
3.062260330668896437e+08
3.062260456622073650e+08
3.062260582575250864e+08
3.062260708528428078e+08
3.062260834481605291e+08
3.062260960434782505e+08
3.062261086387959719e+08
3.062261212341136932e+08
3.062261338294314146e+08
3.062261464247491360e+08
3.062261590200669169e+08
3.062261716153846383e+08
3.062261842107023597e+08
3.062261968060200810e+08
3.062262094013378024e+08
3.062262219966555238e+08
3.062262345919732451e+08
3.062262471872909665e+08
3.062262597826086879e+08
3.062262723779264092e+08
3.062262849732441306e+08
3.062262975685618520e+08
3.062263101638795733e+08
3.062263227591972947e+08
3.062263353545150757e+08
3.062263479498327971e+08
3.062263605451505184e+08
3.062263731404682398e+08
3.062263857357859612e+08
3.062263983311036825e+08
3.062264109264214039e+08
3.062264235217391253e+08
3.062264361170568466e+08
3.062264487123745680e+08
3.062264613076922894e+08
3.062264739030100107e+08
3.062264864983277321e+08
3.062264990936455131e+08
3.062265116889632344e+08
3.062265242842809558e+08
3.062265368795986772e+08
3.062265494749163985e+08
3.062265620702341199e+08
3.062265746655518413e+08
3.062265872608695626e+08
3.062265998561872840e+08
3.062266124515050054e+08
3.062266250468227267e+08
3.062266376421404481e+08
3.062266502374581695e+08
3.062266628327758908e+08
3.062266754280936718e+08
3.062266880234113932e+08
3.062267006187291145e+08
3.062267132140468359e+08
3.062267258093645573e+08
3.062267384046822786e+08
3.062267510000000000e+08
