-9.633693700000000000e+08
-9.633693573186372519e+08
-9.633693446372745037e+08
-9.633693319559118748e+08
-9.633693192745491266e+08
-9.633693065931863785e+08
-9.633692939118236303e+08
-9.633692812304608822e+08
-9.633692685490982533e+08
-9.633692558677355051e+08
-9.633692431863727570e+08
-9.633692305050100088e+08
-9.633692178236472607e+08
-9.633692051422845125e+08
-9.633691924609218836e+08
-9.633691797795591354e+08
-9.633691670981963873e+08
-9.633691544168336391e+08
-9.633691417354708910e+08
-9.633691290541082621e+08
-9.633691163727455139e+08
-9.633691036913827658e+08
-9.633690910100200176e+08
-9.633690783286572695e+08
-9.633690656472946405e+08
-9.633690529659318924e+08
-9.633690402845691442e+08
-9.633690276032063961e+08
-9.633690149218436480e+08
-9.633690022404810190e+08
-9.633689895591182709e+08
-9.633689768777555227e+08
-9.633689641963927746e+08
-9.633689515150300264e+08
-9.633689388336672783e+08
-9.633689261523046494e+08
-9.633689134709419012e+08
-9.633689007895791531e+08
-9.633688881082164049e+08
-9.633688754268536568e+08
-9.633688627454910278e+08
-9.633688500641282797e+08
-9.633688373827655315e+08
-9.633688247014027834e+08
-9.633688120200400352e+08
-9.633687993386774063e+08
-9.633687866573146582e+08
-9.633687739759519100e+08
-9.633687612945891619e+08
-9.633687486132264137e+08
-9.633687359318637848e+08
-9.633687232505010366e+08
-9.633687105691382885e+08
-9.633686978877755404e+08
-9.633686852064127922e+08
-9.633686725250500441e+08
-9.633686598436874151e+08
-9.633686471623246670e+08
-9.633686344809619188e+08
-9.633686217995991707e+08
-9.633686091182364225e+08
-9.633685964368737936e+08
-9.633685837555110455e+08
-9.633685710741482973e+08
-9.633685583927855492e+08
-9.633685457114228010e+08
-9.633685330300601721e+08
-9.633685203486974239e+08
-9.633685076673346758e+08
-9.633684949859719276e+08
-9.633684823046091795e+08
-9.633684696232465506e+08
-9.633684569418838024e+08
-9.633684442605210543e+08
-9.633684315791583061e+08
-9.633684188977955580e+08
-9.633684062164328098e+08
-9.633683935350701809e+08
-9.633683808537074327e+08
-9.633683681723446846e+08
-9.633683554909819365e+08
-9.633683428096191883e+08
-9.633683301282565594e+08
-9.633683174468938112e+08
-9.633683047655310631e+08
-9.633682920841683149e+08
-9.633682794028055668e+08
-9.633682667214429379e+08
-9.633682540400801897e+08
-9.633682413587174416e+08
-9.633682286773546934e+08
-9.633682159959919453e+08
-9.633682033146293163e+08
-9.633681906332665682e+08
-9.633681779519038200e+08
-9.633681652705410719e+08
-9.633681525891783237e+08
-9.633681399078155756e+08
-9.633681272264529467e+08
-9.633681145450901985e+08
-9.633681018637274504e+08
-9.633680891823647022e+08
-9.633680765010019541e+08
-9.633680638196393251e+08
-9.633680511382765770e+08
-9.633680384569138288e+08
-9.633680257755510807e+08
-9.633680130941883326e+08
-9.633680004128257036e+08
-9.633679877314629555e+08
-9.633679750501002073e+08
-9.633679623687374592e+08
-9.633679496873747110e+08
-9.633679370060120821e+08
-9.633679243246493340e+08
-9.633679116432865858e+08
-9.633678989619238377e+08
-9.633678862805610895e+08
-9.633678735991983414e+08
-9.633678609178357124e+08
-9.633678482364729643e+08
-9.633678355551102161e+08
-9.633678228737474680e+08
-9.633678101923847198e+08
-9.633677975110220909e+08
-9.633677848296593428e+08
-9.633677721482965946e+08
-9.633677594669338465e+08
-9.633677467855710983e+08
-9.633677341042084694e+08
-9.633677214228457212e+08
-9.633677087414829731e+08
-9.633676960601202250e+08
-9.633676833787574768e+08
-9.633676706973948479e+08
-9.633676580160320997e+08
-9.633676453346693516e+08
-9.633676326533066034e+08
-9.633676199719438553e+08
-9.633676072905811071e+08
-9.633675946092184782e+08
-9.633675819278557301e+08
-9.633675692464929819e+08
-9.633675565651302338e+08
-9.633675438837674856e+08
-9.633675312024048567e+08
-9.633675185210421085e+08
-9.633675058396793604e+08
-9.633674931583166122e+08
-9.633674804769538641e+08
-9.633674677955912352e+08
-9.633674551142284870e+08
-9.633674424328657389e+08
-9.633674297515029907e+08
-9.633674170701402426e+08
-9.633674043887776136e+08
-9.633673917074148655e+08
-9.633673790260521173e+08
-9.633673663446893692e+08
-9.633673536633266211e+08
-9.633673409819638729e+08
-9.633673283006012440e+08
-9.633673156192384958e+08
-9.633673029378757477e+08
-9.633672902565129995e+08
-9.633672775751502514e+08
-9.633672648937876225e+08
-9.633672522124248743e+08
-9.633672395310621262e+08
-9.633672268496993780e+08
-9.633672141683366299e+08
-9.633672014869740009e+08
-9.633671888056112528e+08
-9.633671761242485046e+08
-9.633671634428857565e+08
-9.633671507615230083e+08
-9.633671380801603794e+08
-9.633671253987976313e+08
-9.633671127174348831e+08
-9.633671000360721350e+08
-9.633670873547093868e+08
-9.633670746733466387e+08
-9.633670619919840097e+08
-9.633670493106212616e+08
-9.633670366292585135e+08
-9.633670239478957653e+08
-9.633670112665330172e+08
-9.633669985851703882e+08
-9.633669859038076401e+08
-9.633669732224448919e+08
-9.633669605410821438e+08
-9.633669478597193956e+08
-9.633669351783567667e+08
-9.633669224969940186e+08
-9.633669098156312704e+08
-9.633668971342685223e+08
-9.633668844529057741e+08
-9.633668717715431452e+08
-9.633668590901803970e+08
-9.633668464088176489e+08
-9.633668337274549007e+08
-9.633668210460921526e+08
-9.633668083647294044e+08
-9.633667956833667755e+08
-9.633667830020040274e+08
-9.633667703206412792e+08
-9.633667576392785311e+08
-9.633667449579157829e+08
-9.633667322765531540e+08
-9.633667195951904058e+08
-9.633667069138276577e+08
-9.633666942324649096e+08
-9.633666815511021614e+08
-9.633666688697395325e+08
-9.633666561883767843e+08
-9.633666435070140362e+08
-9.633666308256512880e+08
-9.633666181442885399e+08
-9.633666054629259109e+08
-9.633665927815631628e+08
-9.633665801002004147e+08
-9.633665674188376665e+08
-9.633665547374749184e+08
-9.633665420561121702e+08
-9.633665293747495413e+08
-9.633665166933867931e+08
-9.633665040120240450e+08
-9.633664913306612968e+08
-9.633664786492985487e+08
-9.633664659679359198e+08
-9.633664532865731716e+08
-9.633664406052104235e+08
-9.633664279238476753e+08
-9.633664152424849272e+08
-9.633664025611222982e+08
-9.633663898797595501e+08
-9.633663771983968019e+08
-9.633663645170340538e+08
-9.633663518356713057e+08
-9.633663391543086767e+08
-9.633663264729459286e+08
-9.633663137915831804e+08
-9.633663011102204323e+08
-9.633662884288576841e+08
-9.633662757474949360e+08
-9.633662630661323071e+08
-9.633662503847695589e+08
-9.633662377034068108e+08
-9.633662250220440626e+08
-9.633662123406813145e+08
-9.633661996593186855e+08
-9.633661869779559374e+08
-9.633661742965931892e+08
-9.633661616152304411e+08
-9.633661489338676929e+08
-9.633661362525050640e+08
-9.633661235711423159e+08
-9.633661108897795677e+08
-9.633660982084168196e+08
-9.633660855270540714e+08
-9.633660728456913233e+08
-9.633660601643286943e+08
-9.633660474829659462e+08
-9.633660348016031981e+08
-9.633660221202404499e+08
-9.633660094388777018e+08
-9.633659967575150728e+08
-9.633659840761523247e+08
-9.633659713947895765e+08
-9.633659587134268284e+08
-9.633659460320640802e+08
-9.633659333507014513e+08
-9.633659206693387032e+08
-9.633659079879759550e+08
-9.633658953066132069e+08
-9.633658826252504587e+08
-9.633658699438878298e+08
-9.633658572625250816e+08
-9.633658445811623335e+08
-9.633658318997995853e+08
-9.633658192184368372e+08
-9.633658065370740891e+08
-9.633657938557114601e+08
-9.633657811743487120e+08
-9.633657684929859638e+08
-9.633657558116232157e+08
-9.633657431302604675e+08
-9.633657304488978386e+08
-9.633657177675350904e+08
-9.633657050861723423e+08
-9.633656924048095942e+08
-9.633656797234468460e+08
-9.633656670420842171e+08
-9.633656543607214689e+08
-9.633656416793587208e+08
-9.633656289979959726e+08
-9.633656163166332245e+08
-9.633656036352705956e+08
-9.633655909539078474e+08
-9.633655782725450993e+08
-9.633655655911823511e+08
-9.633655529098196030e+08
-9.633655402284568548e+08
-9.633655275470942259e+08
-9.633655148657314777e+08
-9.633655021843687296e+08
-9.633654895030059814e+08
-9.633654768216432333e+08
-9.633654641402806044e+08
-9.633654514589178562e+08
-9.633654387775551081e+08
-9.633654260961923599e+08
-9.633654134148296118e+08
-9.633654007334669828e+08
-9.633653880521042347e+08
-9.633653753707414865e+08
-9.633653626893787384e+08
-9.633653500080159903e+08
-9.633653373266533613e+08
-9.633653246452906132e+08
-9.633653119639278650e+08
-9.633652992825651169e+08
-9.633652866012023687e+08
-9.633652739198396206e+08
-9.633652612384769917e+08
-9.633652485571142435e+08
-9.633652358757514954e+08
-9.633652231943887472e+08
-9.633652105130259991e+08
-9.633651978316633701e+08
-9.633651851503006220e+08
-9.633651724689378738e+08
-9.633651597875751257e+08
-9.633651471062123775e+08
-9.633651344248497486e+08
-9.633651217434870005e+08
-9.633651090621242523e+08
-9.633650963807615042e+08
-9.633650836993987560e+08
-9.633650710180361271e+08
-9.633650583366733789e+08
-9.633650456553106308e+08
-9.633650329739478827e+08
-9.633650202925851345e+08
-9.633650076112223864e+08
-9.633649949298597574e+08
-9.633649822484970093e+08
-9.633649695671342611e+08
-9.633649568857715130e+08
-9.633649442044087648e+08
-9.633649315230461359e+08
-9.633649188416833878e+08
-9.633649061603206396e+08
-9.633648934789578915e+08
-9.633648807975951433e+08
-9.633648681162325144e+08
-9.633648554348697662e+08
-9.633648427535070181e+08
-9.633648300721442699e+08
-9.633648173907815218e+08
-9.633648047094188929e+08
-9.633647920280561447e+08
-9.633647793466933966e+08
-9.633647666653306484e+08
-9.633647539839679003e+08
-9.633647413026051521e+08
-9.633647286212425232e+08
-9.633647159398797750e+08
-9.633647032585170269e+08
-9.633646905771542788e+08
-9.633646778957915306e+08
-9.633646652144289017e+08
-9.633646525330661535e+08
-9.633646398517034054e+08
-9.633646271703406572e+08
-9.633646144889779091e+08
-9.633646018076152802e+08
-9.633645891262525320e+08
-9.633645764448897839e+08
-9.633645637635270357e+08
-9.633645510821642876e+08
-9.633645384008016586e+08
-9.633645257194389105e+08
-9.633645130380761623e+08
-9.633645003567134142e+08
-9.633644876753506660e+08
-9.633644749939879179e+08
-9.633644623126252890e+08
-9.633644496312625408e+08
-9.633644369498997927e+08
-9.633644242685370445e+08
-9.633644115871742964e+08
-9.633643989058116674e+08
-9.633643862244489193e+08
-9.633643735430861712e+08
-9.633643608617234230e+08
-9.633643481803606749e+08
-9.633643354989980459e+08
-9.633643228176352978e+08
-9.633643101362725496e+08
-9.633642974549098015e+08
-9.633642847735470533e+08
-9.633642720921844244e+08
-9.633642594108216763e+08
-9.633642467294589281e+08
-9.633642340480961800e+08
-9.633642213667334318e+08
-9.633642086853706837e+08
-9.633641960040080547e+08
-9.633641833226453066e+08
-9.633641706412825584e+08
-9.633641579599198103e+08
-9.633641452785570621e+08
-9.633641325971944332e+08
-9.633641199158316851e+08
-9.633641072344689369e+08
-9.633640945531061888e+08
-9.633640818717434406e+08
-9.633640691903808117e+08
-9.633640565090180635e+08
-9.633640438276553154e+08
-9.633640311462925673e+08
-9.633640184649298191e+08
-9.633640057835671902e+08
-9.633639931022044420e+08
-9.633639804208416939e+08
-9.633639677394789457e+08
-9.633639550581161976e+08
-9.633639423767534494e+08
-9.633639296953908205e+08
-9.633639170140280724e+08
-9.633639043326653242e+08
-9.633638916513025761e+08
-9.633638789699398279e+08
-9.633638662885771990e+08
-9.633638536072144508e+08
-9.633638409258517027e+08
-9.633638282444889545e+08
-9.633638155631262064e+08
-9.633638028817635775e+08
-9.633637902004008293e+08
-9.633637775190380812e+08
-9.633637648376753330e+08
-9.633637521563125849e+08
-9.633637394749499559e+08
-9.633637267935872078e+08
-9.633637141122244596e+08
-9.633637014308617115e+08
-9.633636887494989634e+08
-9.633636760681362152e+08
-9.633636633867735863e+08
-9.633636507054108381e+08
-9.633636380240480900e+08
-9.633636253426853418e+08
-9.633636126613225937e+08
-9.633635999799599648e+08
-9.633635872985972166e+08
-9.633635746172344685e+08
-9.633635619358717203e+08
-9.633635492545089722e+08
-9.633635365731463432e+08
-9.633635238917835951e+08
-9.633635112104208469e+08
-9.633634985290580988e+08
-9.633634858476953506e+08
-9.633634731663327217e+08
-9.633634604849699736e+08
-9.633634478036072254e+08
-9.633634351222444773e+08
-9.633634224408817291e+08
-9.633634097595189810e+08
-9.633633970781563520e+08
-9.633633843967936039e+08
-9.633633717154308558e+08
-9.633633590340681076e+08
-9.633633463527053595e+08
-9.633633336713427305e+08
-9.633633209899799824e+08
-9.633633083086172342e+08
-9.633632956272544861e+08
-9.633632829458917379e+08
-9.633632702645291090e+08
-9.633632575831663609e+08
-9.633632449018036127e+08
-9.633632322204408646e+08
-9.633632195390781164e+08
-9.633632068577154875e+08
-9.633631941763527393e+08
-9.633631814949899912e+08
-9.633631688136272430e+08
-9.633631561322644949e+08
-9.633631434509017467e+08
-9.633631307695391178e+08
-9.633631180881763697e+08
-9.633631054068136215e+08
-9.633630927254508734e+08
-9.633630800440881252e+08
-9.633630673627254963e+08
-9.633630546813627481e+08
-9.633630420000000000e+08
