3.062232280000000000e+08
3.062232399364548326e+08
3.062232518729097247e+08
3.062232638093645573e+08
3.062232757458193898e+08
3.062232876822742224e+08
3.062232996187291145e+08
3.062233115551839471e+08
3.062233234916387796e+08
3.062233354280936718e+08
3.062233473645485044e+08
3.062233593010033369e+08
3.062233712374581695e+08
3.062233831739130616e+08
3.062233951103678942e+08
3.062234070468227267e+08
3.062234189832776189e+08
3.062234309197324514e+08
3.062234428561872840e+08
3.062234547926421165e+08
3.062234667290970087e+08
3.062234786655518413e+08
3.062234906020066738e+08
3.062235025384615660e+08
3.062235144749163985e+08
3.062235264113712311e+08
3.062235383478260636e+08
3.062235502842809558e+08
3.062235622207357883e+08
3.062235741571906209e+08
3.062235860936455131e+08
3.062235980301003456e+08
3.062236099665551782e+08
3.062236219030100107e+08
3.062236338394649029e+08
3.062236457759197354e+08
3.062236577123745680e+08
3.062236696488294601e+08
3.062236815852842927e+08
3.062236935217391253e+08
3.062237054581939578e+08
3.062237173946488500e+08
3.062237293311036825e+08
3.062237412675585151e+08
3.062237532040134072e+08
3.062237651404682398e+08
3.062237770769230723e+08
3.062237890133779049e+08
3.062238009498327971e+08
3.062238128862876296e+08
3.062238248227424622e+08
3.062238367591972947e+08
3.062238486956521869e+08
3.062238606321070194e+08
3.062238725685618520e+08
3.062238845050167441e+08
3.062238964414715767e+08
3.062239083779264092e+08
3.062239203143812418e+08
3.062239322508361340e+08
3.062239441872909665e+08
3.062239561237457991e+08
3.062239680602006912e+08
3.062239799966555238e+08
3.062239919331103563e+08
3.062240038695651889e+08
3.062240158060200810e+08
3.062240277424749136e+08
3.062240396789297462e+08
3.062240516153846383e+08
3.062240635518394709e+08
3.062240754882943034e+08
3.062240874247491360e+08
3.062240993612040281e+08
3.062241112976588607e+08
3.062241232341136932e+08
3.062241351705685854e+08
3.062241471070234179e+08
3.062241590434782505e+08
3.062241709799330831e+08
3.062241829163879752e+08
3.062241948528428078e+08
3.062242067892976403e+08
3.062242187257525325e+08
3.062242306622073650e+08
3.062242425986621976e+08
3.062242545351170301e+08
3.062242664715719223e+08
3.062242784080267549e+08
3.062242903444815874e+08
3.062243022809364796e+08
3.062243142173913121e+08
3.062243261538461447e+08
3.062243380903009772e+08
3.062243500267558694e+08
3.062243619632107019e+08
3.062243738996655345e+08
3.062243858361204267e+08
3.062243977725752592e+08
3.062244097090300918e+08
3.062244216454849243e+08
3.062244335819398165e+08
3.062244455183946490e+08
3.062244574548494816e+08
3.062244693913043737e+08
3.062244813277592063e+08
3.062244932642140388e+08
3.062245052006688714e+08
3.062245171371237636e+08
3.062245290735785961e+08
3.062245410100334287e+08
3.062245529464883208e+08
3.062245648829431534e+08
3.062245768193979859e+08
3.062245887558528185e+08
3.062246006923077106e+08
3.062246126287625432e+08
3.062246245652173758e+08
3.062246365016722679e+08
3.062246484381271005e+08
3.062246603745819330e+08
3.062246723110367656e+08
3.062246842474916577e+08
3.062246961839464903e+08
3.062247081204013228e+08
3.062247200568562150e+08
3.062247319933110476e+08
3.062247439297658801e+08
3.062247558662207127e+08
3.062247678026756048e+08
3.062247797391304374e+08
3.062247916755852699e+08
3.062248036120401621e+08
3.062248155484949946e+08
3.062248274849498272e+08
3.062248394214046597e+08
3.062248513578595519e+08
3.062248632943143845e+08
3.062248752307692170e+08
3.062248871672241092e+08
3.062248991036789417e+08
3.062249110401337743e+08
3.062249229765886068e+08
3.062249349130434990e+08
3.062249468494983315e+08
3.062249587859531641e+08
3.062249707224080563e+08
3.062249826588628888e+08
3.062249945953177214e+08
3.062250065317725539e+08
3.062250184682274461e+08
3.062250304046822786e+08
3.062250423411371112e+08
3.062250542775919437e+08
3.062250662140468359e+08
3.062250781505016685e+08
3.062250900869565010e+08
3.062251020234113932e+08
3.062251139598662257e+08
3.062251258963210583e+08
3.062251378327758908e+08
3.062251497692307830e+08
3.062251617056856155e+08
3.062251736421404481e+08
3.062251855785953403e+08
3.062251975150501728e+08
3.062252094515050054e+08
3.062252213879598379e+08
3.062252333244147301e+08
3.062252452608695626e+08
3.062252571973243952e+08
3.062252691337792873e+08
3.062252810702341199e+08
3.062252930066889524e+08
3.062253049431437850e+08
3.062253168795986772e+08
3.062253288160535097e+08
3.062253407525083423e+08
3.062253526889632344e+08
3.062253646254180670e+08
3.062253765618728995e+08
3.062253884983277321e+08
3.062254004347826242e+08
3.062254123712374568e+08
3.062254243076922894e+08
3.062254362441471815e+08
3.062254481806020141e+08
3.062254601170568466e+08
3.062254720535116792e+08
3.062254839899665713e+08
3.062254959264214039e+08
3.062255078628762364e+08
3.062255197993311286e+08
3.062255317357859612e+08
3.062255436722407937e+08
3.062255556086956263e+08
3.062255675451505184e+08
3.062255794816053510e+08
3.062255914180601835e+08
3.062256033545150757e+08
3.062256152909699082e+08
3.062256272274247408e+08
3.062256391638795733e+08
3.062256511003344655e+08
3.062256630367892981e+08
3.062256749732441306e+08
3.062256869096990228e+08
3.062256988461538553e+08
3.062257107826086879e+08
3.062257227190635204e+08
3.062257346555184126e+08
3.062257465919732451e+08
3.062257585284280777e+08
3.062257704648829699e+08
3.062257824013378024e+08
3.062257943377926350e+08
3.062258062742474675e+08
3.062258182107023597e+08
3.062258301471571922e+08
3.062258420836120248e+08
3.062258540200669169e+08
3.062258659565217495e+08
3.062258778929765821e+08
3.062258898294314146e+08
3.062259017658863068e+08
3.062259137023411393e+08
3.062259256387959719e+08
3.062259375752508640e+08
3.062259495117056966e+08
3.062259614481605291e+08
3.062259733846153617e+08
3.062259853210702538e+08
3.062259972575250864e+08
3.062260091939799190e+08
3.062260211304348111e+08
3.062260330668896437e+08
3.062260450033444762e+08
3.062260569397993088e+08
3.062260688762542009e+08
3.062260808127090335e+08
3.062260927491638660e+08
3.062261046856187582e+08
3.062261166220735908e+08
3.062261285585284233e+08
3.062261404949832559e+08
3.062261524314381480e+08
3.062261643678929806e+08
3.062261763043478131e+08
3.062261882408027053e+08
3.062262001772575378e+08
3.062262121137123704e+08
3.062262240501672029e+08
3.062262359866220951e+08
3.062262479230769277e+08
3.062262598595317602e+08
3.062262717959865928e+08
3.062262837324414849e+08
3.062262956688963175e+08
3.062263076053511500e+08
3.062263195418060422e+08
3.062263314782608747e+08
3.062263434147157073e+08
3.062263553511705399e+08
3.062263672876254320e+08
3.062263792240802646e+08
3.062263911605350971e+08
3.062264030969899893e+08
3.062264150334448218e+08
3.062264269698996544e+08
3.062264389063544869e+08
3.062264508428093791e+08
3.062264627792642117e+08
3.062264747157190442e+08
3.062264866521739364e+08
3.062264985886287689e+08
3.062265105250836015e+08
3.062265224615384340e+08
3.062265343979933262e+08
3.062265463344481587e+08
3.062265582709029913e+08
3.062265702073578835e+08
3.062265821438127160e+08
3.062265940802675486e+08
3.062266060167223811e+08
3.062266179531772733e+08
3.062266298896321058e+08
3.062266418260869384e+08
3.062266537625418305e+08
3.062266656989966631e+08
3.062266776354514956e+08
3.062266895719063282e+08
3.062267015083612204e+08
3.062267134448160529e+08
3.062267253812708855e+08
3.062267373177257776e+08
3.062267492541806102e+08
3.062267611906354427e+08
3.062267731270902753e+08
3.062267850635451674e+08
3.062267970000000000e+08
