-9.633689950000000000e+08
-9.633689828697395325e+08
-9.633689707394789457e+08
-9.633689586092184782e+08
-9.633689464789578915e+08
-9.633689343486974239e+08
-9.633689222184368372e+08
-9.633689100881763697e+08
-9.633688979579157829e+08
-9.633688858276553154e+08
-9.633688736973948479e+08
-9.633688615671342611e+08
-9.633688494368737936e+08
-9.633688373066132069e+08
-9.633688251763527393e+08
-9.633688130460921526e+08
-9.633688009158316851e+08
-9.633687887855710983e+08
-9.633687766553106308e+08
-9.633687645250500441e+08
-9.633687523947895765e+08
-9.633687402645291090e+08
-9.633687281342685223e+08
-9.633687160040080547e+08
-9.633687038737474680e+08
-9.633686917434870005e+08
-9.633686796132264137e+08
-9.633686674829659462e+08
-9.633686553527053595e+08
-9.633686432224448919e+08
-9.633686310921844244e+08
-9.633686189619238377e+08
-9.633686068316633701e+08
-9.633685947014027834e+08
-9.633685825711423159e+08
-9.633685704408817291e+08
-9.633685583106212616e+08
-9.633685461803606749e+08
-9.633685340501002073e+08
-9.633685219198396206e+08
-9.633685097895791531e+08
-9.633684976593186855e+08
-9.633684855290580988e+08
-9.633684733987976313e+08
-9.633684612685370445e+08
-9.633684491382765770e+08
-9.633684370080159903e+08
-9.633684248777555227e+08
-9.633684127474949360e+08
-9.633684006172344685e+08
-9.633683884869740009e+08
-9.633683763567134142e+08
-9.633683642264529467e+08
-9.633683520961923599e+08
-9.633683399659318924e+08
-9.633683278356713057e+08
-9.633683157054108381e+08
-9.633683035751502514e+08
-9.633682914448897839e+08
-9.633682793146293163e+08
-9.633682671843687296e+08
-9.633682550541082621e+08
-9.633682429238476753e+08
-9.633682307935872078e+08
-9.633682186633266211e+08
-9.633682065330661535e+08
-9.633681944028055668e+08
-9.633681822725450993e+08
-9.633681701422845125e+08
-9.633681580120240450e+08
-9.633681458817635775e+08
-9.633681337515029907e+08
-9.633681216212425232e+08
-9.633681094909819365e+08
-9.633680973607214689e+08
-9.633680852304608822e+08
-9.633680731002004147e+08
-9.633680609699398279e+08
-9.633680488396793604e+08
-9.633680367094188929e+08
-9.633680245791583061e+08
-9.633680124488978386e+08
-9.633680003186372519e+08
-9.633679881883767843e+08
-9.633679760581161976e+08
-9.633679639278557301e+08
-9.633679517975951433e+08
-9.633679396673346758e+08
-9.633679275370740891e+08
-9.633679154068136215e+08
-9.633679032765531540e+08
-9.633678911462925673e+08
-9.633678790160320997e+08
-9.633678668857715130e+08
-9.633678547555110455e+08
-9.633678426252504587e+08
-9.633678304949899912e+08
-9.633678183647294044e+08
-9.633678062344689369e+08
-9.633677941042084694e+08
-9.633677819739478827e+08
-9.633677698436874151e+08
-9.633677577134268284e+08
-9.633677455831663609e+08
-9.633677334529057741e+08
-9.633677213226453066e+08
-9.633677091923847198e+08
-9.633676970621242523e+08
-9.633676849318637848e+08
-9.633676728016031981e+08
-9.633676606713427305e+08
-9.633676485410821438e+08
-9.633676364108216763e+08
-9.633676242805610895e+08
-9.633676121503006220e+08
-9.633676000200400352e+08
-9.633675878897795677e+08
-9.633675757595189810e+08
-9.633675636292585135e+08
-9.633675514989980459e+08
-9.633675393687374592e+08
-9.633675272384769917e+08
-9.633675151082164049e+08
-9.633675029779559374e+08
-9.633674908476953506e+08
-9.633674787174348831e+08
-9.633674665871742964e+08
-9.633674544569138288e+08
-9.633674423266533613e+08
-9.633674301963927746e+08
-9.633674180661323071e+08
-9.633674059358717203e+08
-9.633673938056112528e+08
-9.633673816753506660e+08
-9.633673695450901985e+08
-9.633673574148296118e+08
-9.633673452845691442e+08
-9.633673331543086767e+08
-9.633673210240480900e+08
-9.633673088937876225e+08
-9.633672967635270357e+08
-9.633672846332665682e+08
-9.633672725030059814e+08
-9.633672603727455139e+08
-9.633672482424849272e+08
-9.633672361122244596e+08
-9.633672239819638729e+08
-9.633672118517034054e+08
-9.633671997214429379e+08
-9.633671875911823511e+08
-9.633671754609218836e+08
-9.633671633306612968e+08
-9.633671512004008293e+08
-9.633671390701402426e+08
-9.633671269398797750e+08
-9.633671148096191883e+08
-9.633671026793587208e+08
-9.633670905490982533e+08
-9.633670784188376665e+08
-9.633670662885771990e+08
-9.633670541583166122e+08
-9.633670420280561447e+08
-9.633670298977955580e+08
-9.633670177675350904e+08
-9.633670056372745037e+08
-9.633669935070140362e+08
-9.633669813767534494e+08
-9.633669692464929819e+08
-9.633669571162325144e+08
-9.633669449859719276e+08
-9.633669328557114601e+08
-9.633669207254508734e+08
-9.633669085951904058e+08
-9.633668964649298191e+08
-9.633668843346693516e+08
-9.633668722044087648e+08
-9.633668600741482973e+08
-9.633668479438878298e+08
-9.633668358136272430e+08
-9.633668236833667755e+08
-9.633668115531061888e+08
-9.633667994228457212e+08
-9.633667872925851345e+08
-9.633667751623246670e+08
-9.633667630320640802e+08
-9.633667509018036127e+08
-9.633667387715431452e+08
-9.633667266412825584e+08
-9.633667145110220909e+08
-9.633667023807615042e+08
-9.633666902505010366e+08
-9.633666781202404499e+08
-9.633666659899799824e+08
-9.633666538597193956e+08
-9.633666417294589281e+08
-9.633666295991983414e+08
-9.633666174689378738e+08
-9.633666053386774063e+08
-9.633665932084168196e+08
-9.633665810781563520e+08
-9.633665689478957653e+08
-9.633665568176352978e+08
-9.633665446873747110e+08
-9.633665325571142435e+08
-9.633665204268536568e+08
-9.633665082965931892e+08
-9.633664961663327217e+08
-9.633664840360721350e+08
-9.633664719058116674e+08
-9.633664597755510807e+08
-9.633664476452906132e+08
-9.633664355150300264e+08
-9.633664233847695589e+08
-9.633664112545089722e+08
-9.633663991242485046e+08
-9.633663869939879179e+08
-9.633663748637274504e+08
-9.633663627334669828e+08
-9.633663506032063961e+08
-9.633663384729459286e+08
-9.633663263426853418e+08
-9.633663142124248743e+08
-9.633663020821642876e+08
-9.633662899519038200e+08
-9.633662778216432333e+08
-9.633662656913827658e+08
-9.633662535611222982e+08
-9.633662414308617115e+08
-9.633662293006012440e+08
-9.633662171703406572e+08
-9.633662050400801897e+08
-9.633661929098196030e+08
-9.633661807795591354e+08
-9.633661686492985487e+08
-9.633661565190380812e+08
-9.633661443887776136e+08
-9.633661322585170269e+08
-9.633661201282565594e+08
-9.633661079979959726e+08
-9.633660958677355051e+08
-9.633660837374749184e+08
-9.633660716072144508e+08
-9.633660594769538641e+08
-9.633660473466933966e+08
-9.633660352164328098e+08
-9.633660230861723423e+08
-9.633660109559118748e+08
-9.633659988256512880e+08
-9.633659866953908205e+08
-9.633659745651302338e+08
-9.633659624348697662e+08
-9.633659503046091795e+08
-9.633659381743487120e+08
-9.633659260440881252e+08
-9.633659139138276577e+08
-9.633659017835671902e+08
-9.633658896533066034e+08
-9.633658775230461359e+08
-9.633658653927855492e+08
-9.633658532625250816e+08
-9.633658411322644949e+08
-9.633658290020040274e+08
-9.633658168717434406e+08
-9.633658047414829731e+08
-9.633657926112223864e+08
-9.633657804809619188e+08
-9.633657683507014513e+08
-9.633657562204408646e+08
-9.633657440901803970e+08
-9.633657319599198103e+08
-9.633657198296593428e+08
-9.633657076993987560e+08
-9.633656955691382885e+08
-9.633656834388777018e+08
-9.633656713086172342e+08
-9.633656591783567667e+08
-9.633656470480961800e+08
-9.633656349178357124e+08
-9.633656227875751257e+08
-9.633656106573146582e+08
-9.633655985270540714e+08
-9.633655863967936039e+08
-9.633655742665330172e+08
-9.633655621362725496e+08
-9.633655500060120821e+08
-9.633655378757514954e+08
-9.633655257454910278e+08
-9.633655136152304411e+08
-9.633655014849699736e+08
-9.633654893547093868e+08
-9.633654772244489193e+08
-9.633654650941883326e+08
-9.633654529639278650e+08
-9.633654408336672783e+08
-9.633654287034068108e+08
-9.633654165731463432e+08
-9.633654044428857565e+08
-9.633653923126252890e+08
-9.633653801823647022e+08
-9.633653680521042347e+08
-9.633653559218436480e+08
-9.633653437915831804e+08
-9.633653316613225937e+08
-9.633653195310621262e+08
-9.633653074008016586e+08
-9.633652952705410719e+08
-9.633652831402806044e+08
-9.633652710100200176e+08
-9.633652588797595501e+08
-9.633652467494989634e+08
-9.633652346192384958e+08
-9.633652224889779091e+08
-9.633652103587174416e+08
-9.633651982284568548e+08
-9.633651860981963873e+08
-9.633651739679359198e+08
-9.633651618376753330e+08
-9.633651497074148655e+08
-9.633651375771542788e+08
-9.633651254468938112e+08
-9.633651133166332245e+08
-9.633651011863727570e+08
-9.633650890561121702e+08
-9.633650769258517027e+08
-9.633650647955912352e+08
-9.633650526653306484e+08
-9.633650405350701809e+08
-9.633650284048095942e+08
-9.633650162745491266e+08
-9.633650041442885399e+08
-9.633649920140280724e+08
-9.633649798837674856e+08
-9.633649677535070181e+08
-9.633649556232465506e+08
-9.633649434929859638e+08
-9.633649313627254963e+08
-9.633649192324649096e+08
-9.633649071022044420e+08
-9.633648949719438553e+08
-9.633648828416833878e+08
-9.633648707114228010e+08
-9.633648585811623335e+08
-9.633648464509017467e+08
-9.633648343206412792e+08
-9.633648221903808117e+08
-9.633648100601202250e+08
-9.633647979298597574e+08
-9.633647857995991707e+08
-9.633647736693387032e+08
-9.633647615390781164e+08
-9.633647494088176489e+08
-9.633647372785570621e+08
-9.633647251482965946e+08
-9.633647130180361271e+08
-9.633647008877755404e+08
-9.633646887575150728e+08
-9.633646766272544861e+08
-9.633646644969940186e+08
-9.633646523667334318e+08
-9.633646402364729643e+08
-9.633646281062123775e+08
-9.633646159759519100e+08
-9.633646038456913233e+08
-9.633645917154308558e+08
-9.633645795851703882e+08
-9.633645674549098015e+08
-9.633645553246493340e+08
-9.633645431943887472e+08
-9.633645310641282797e+08
-9.633645189338676929e+08
-9.633645068036072254e+08
-9.633644946733466387e+08
-9.633644825430861712e+08
-9.633644704128257036e+08
-9.633644582825651169e+08
-9.633644461523046494e+08
-9.633644340220440626e+08
-9.633644218917835951e+08
-9.633644097615230083e+08
-9.633643976312625408e+08
-9.633643855010019541e+08
-9.633643733707414865e+08
-9.633643612404810190e+08
-9.633643491102204323e+08
-9.633643369799599648e+08
-9.633643248496993780e+08
-9.633643127194389105e+08
-9.633643005891783237e+08
-9.633642884589178562e+08
-9.633642763286572695e+08
-9.633642641983968019e+08
-9.633642520681362152e+08
-9.633642399378757477e+08
-9.633642278076152802e+08
-9.633642156773546934e+08
-9.633642035470942259e+08
-9.633641914168336391e+08
-9.633641792865731716e+08
-9.633641671563125849e+08
-9.633641550260521173e+08
-9.633641428957915306e+08
-9.633641307655310631e+08
-9.633641186352705956e+08
-9.633641065050100088e+08
-9.633640943747495413e+08
-9.633640822444889545e+08
-9.633640701142284870e+08
-9.633640579839679003e+08
-9.633640458537074327e+08
-9.633640337234468460e+08
-9.633640215931863785e+08
-9.633640094629259109e+08
-9.633639973326653242e+08
-9.633639852024048567e+08
-9.633639730721442699e+08
-9.633639609418838024e+08
-9.633639488116232157e+08
-9.633639366813627481e+08
-9.633639245511021614e+08
-9.633639124208416939e+08
-9.633639002905811071e+08
-9.633638881603206396e+08
-9.633638760300601721e+08
-9.633638638997995853e+08
-9.633638517695391178e+08
-9.633638396392785311e+08
-9.633638275090180635e+08
-9.633638153787574768e+08
-9.633638032484970093e+08
-9.633637911182364225e+08
-9.633637789879759550e+08
-9.633637668577154875e+08
-9.633637547274549007e+08
-9.633637425971944332e+08
-9.633637304669338465e+08
-9.633637183366733789e+08
-9.633637062064127922e+08
-9.633636940761523247e+08
-9.633636819458917379e+08
-9.633636698156312704e+08
-9.633636576853706837e+08
-9.633636455551102161e+08
-9.633636334248497486e+08
-9.633636212945891619e+08
-9.633636091643286943e+08
-9.633635970340681076e+08
-9.633635849038076401e+08
-9.633635727735470533e+08
-9.633635606432865858e+08
-9.633635485130259991e+08
-9.633635363827655315e+08
-9.633635242525050640e+08
-9.633635121222444773e+08
-9.633634999919840097e+08
-9.633634878617234230e+08
-9.633634757314629555e+08
-9.633634636012023687e+08
-9.633634514709419012e+08
-9.633634393406813145e+08
-9.633634272104208469e+08
-9.633634150801603794e+08
-9.633634029498997927e+08
-9.633633908196393251e+08
-9.633633786893787384e+08
-9.633633665591182709e+08
-9.633633544288576841e+08
-9.633633422985972166e+08
-9.633633301683366299e+08
-9.633633180380761623e+08
-9.633633059078155756e+08
-9.633632937775551081e+08
-9.633632816472946405e+08
-9.633632695170340538e+08
-9.633632573867735863e+08
-9.633632452565129995e+08
-9.633632331262525320e+08
-9.633632209959919453e+08
-9.633632088657314777e+08
-9.633631967354708910e+08
-9.633631846052104235e+08
-9.633631724749499559e+08
-9.633631603446893692e+08
-9.633631482144289017e+08
-9.633631360841683149e+08
-9.633631239539078474e+08
-9.633631118236472607e+08
-9.633630996933867931e+08
-9.633630875631262064e+08
-9.633630754328657389e+08
-9.633630633026051521e+08
-9.633630511723446846e+08
-9.633630390420842171e+08
-9.633630269118236303e+08
-9.633630147815631628e+08
-9.633630026513025761e+08
-9.633629905210421085e+08
-9.633629783907815218e+08
-9.633629662605210543e+08
-9.633629541302604675e+08
-9.633629420000000000e+08
