3.062230450000000000e+08
3.062230572876254320e+08
3.062230695752508640e+08
3.062230818628762364e+08
3.062230941505016685e+08
3.062231064381271005e+08
3.062231187257525325e+08
3.062231310133779049e+08
3.062231433010033369e+08
3.062231555886287689e+08
3.062231678762542009e+08
3.062231801638795733e+08
3.062231924515050054e+08
3.062232047391304374e+08
3.062232170267558694e+08
3.062232293143812418e+08
3.062232416020066738e+08
3.062232538896321058e+08
3.062232661772575378e+08
3.062232784648829699e+08
3.062232907525083423e+08
3.062233030401337743e+08
3.062233153277592063e+08
3.062233276153846383e+08
3.062233399030100107e+08
3.062233521906354427e+08
3.062233644782608747e+08
3.062233767658863068e+08
3.062233890535116792e+08
3.062234013411371112e+08
3.062234136287625432e+08
3.062234259163879752e+08
3.062234382040134072e+08
3.062234504916387796e+08
3.062234627792642117e+08
3.062234750668896437e+08
3.062234873545150757e+08
3.062234996421404481e+08
3.062235119297658801e+08
3.062235242173913121e+08
3.062235365050167441e+08
3.062235487926421165e+08
3.062235610802675486e+08
3.062235733678929806e+08
3.062235856555184126e+08
3.062235979431437850e+08
3.062236102307692170e+08
3.062236225183946490e+08
3.062236348060200810e+08
3.062236470936455131e+08
3.062236593812708855e+08
3.062236716688963175e+08
3.062236839565217495e+08
3.062236962441471815e+08
3.062237085317725539e+08
3.062237208193979859e+08
3.062237331070234179e+08
3.062237453946488500e+08
3.062237576822742224e+08
3.062237699698996544e+08
3.062237822575250864e+08
3.062237945451505184e+08
3.062238068327758908e+08
3.062238191204013228e+08
3.062238314080267549e+08
3.062238436956521869e+08
3.062238559832776189e+08
3.062238682709029913e+08
3.062238805585284233e+08
3.062238928461538553e+08
3.062239051337792873e+08
3.062239174214046597e+08
3.062239297090300918e+08
3.062239419966555238e+08
3.062239542842809558e+08
3.062239665719063282e+08
3.062239788595317602e+08
3.062239911471571922e+08
3.062240034347826242e+08
3.062240157224080563e+08
3.062240280100334287e+08
3.062240402976588607e+08
3.062240525852842927e+08
3.062240648729097247e+08
3.062240771605350971e+08
3.062240894481605291e+08
3.062241017357859612e+08
3.062241140234113932e+08
3.062241263110367656e+08
3.062241385986621976e+08
3.062241508862876296e+08
3.062241631739130616e+08
3.062241754615384340e+08
3.062241877491638660e+08
3.062242000367892981e+08
3.062242123244147301e+08
3.062242246120401621e+08
3.062242368996655345e+08
3.062242491872909665e+08
3.062242614749163985e+08
3.062242737625418305e+08
3.062242860501672029e+08
3.062242983377926350e+08
3.062243106254180670e+08
3.062243229130434990e+08
3.062243352006688714e+08
3.062243474882943034e+08
3.062243597759197354e+08
3.062243720635451674e+08
3.062243843511705399e+08
3.062243966387959719e+08
3.062244089264214039e+08
3.062244212140468359e+08
3.062244335016722679e+08
3.062244457892976403e+08
3.062244580769230723e+08
3.062244703645485044e+08
3.062244826521739364e+08
3.062244949397993088e+08
3.062245072274247408e+08
3.062245195150501728e+08
3.062245318026756048e+08
3.062245440903009772e+08
3.062245563779264092e+08
3.062245686655518413e+08
3.062245809531772733e+08
3.062245932408027053e+08
3.062246055284280777e+08
3.062246178160535097e+08
3.062246301036789417e+08
3.062246423913043737e+08
3.062246546789297462e+08
3.062246669665551782e+08
3.062246792541806102e+08
3.062246915418060422e+08
3.062247038294314146e+08
3.062247161170568466e+08
3.062247284046822786e+08
3.062247406923077106e+08
3.062247529799330831e+08
3.062247652675585151e+08
3.062247775551839471e+08
3.062247898428093791e+08
3.062248021304348111e+08
3.062248144180601835e+08
3.062248267056856155e+08
3.062248389933110476e+08
3.062248512809364796e+08
3.062248635685618520e+08
3.062248758561872840e+08
3.062248881438127160e+08
3.062249004314381480e+08
3.062249127190635204e+08
3.062249250066889524e+08
3.062249372943143845e+08
3.062249495819398165e+08
3.062249618695651889e+08
3.062249741571906209e+08
3.062249864448160529e+08
3.062249987324414849e+08
3.062250110200669169e+08
3.062250233076922894e+08
3.062250355953177214e+08
3.062250478829431534e+08
3.062250601705685854e+08
3.062250724581939578e+08
3.062250847458193898e+08
3.062250970334448218e+08
3.062251093210702538e+08
3.062251216086956263e+08
3.062251338963210583e+08
3.062251461839464903e+08
3.062251584715719223e+08
3.062251707591972947e+08
3.062251830468227267e+08
3.062251953344481587e+08
3.062252076220735908e+08
3.062252199096990228e+08
3.062252321973243952e+08
3.062252444849498272e+08
3.062252567725752592e+08
3.062252690602006912e+08
3.062252813478260636e+08
3.062252936354514956e+08
3.062253059230769277e+08
3.062253182107023597e+08
3.062253304983277321e+08
3.062253427859531641e+08
3.062253550735785961e+08
3.062253673612040281e+08
3.062253796488294601e+08
3.062253919364548326e+08
3.062254042240802646e+08
3.062254165117056966e+08
3.062254287993311286e+08
3.062254410869565010e+08
3.062254533745819330e+08
3.062254656622073650e+08
3.062254779498327971e+08
3.062254902374581695e+08
3.062255025250836015e+08
3.062255148127090335e+08
3.062255271003344655e+08
3.062255393879598379e+08
3.062255516755852699e+08
3.062255639632107019e+08
3.062255762508361340e+08
3.062255885384615660e+08
3.062256008260869384e+08
3.062256131137123704e+08
3.062256254013378024e+08
3.062256376889632344e+08
3.062256499765886068e+08
3.062256622642140388e+08
3.062256745518394709e+08
3.062256868394649029e+08
3.062256991270902753e+08
3.062257114147157073e+08
3.062257237023411393e+08
3.062257359899665713e+08
3.062257482775919437e+08
3.062257605652173758e+08
3.062257728528428078e+08
3.062257851404682398e+08
3.062257974280936718e+08
3.062258097157190442e+08
3.062258220033444762e+08
3.062258342909699082e+08
3.062258465785953403e+08
3.062258588662207127e+08
3.062258711538461447e+08
3.062258834414715767e+08
3.062258957290970087e+08
3.062259080167223811e+08
3.062259203043478131e+08
3.062259325919732451e+08
3.062259448795986772e+08
3.062259571672241092e+08
3.062259694548494816e+08
3.062259817424749136e+08
3.062259940301003456e+08
3.062260063177257776e+08
3.062260186053511500e+08
3.062260308929765821e+08
3.062260431806020141e+08
3.062260554682274461e+08
3.062260677558528185e+08
3.062260800434782505e+08
3.062260923311036825e+08
3.062261046187291145e+08
3.062261169063544869e+08
3.062261291939799190e+08
3.062261414816053510e+08
3.062261537692307830e+08
3.062261660568562150e+08
3.062261783444815874e+08
3.062261906321070194e+08
3.062262029197324514e+08
3.062262152073578835e+08
3.062262274949832559e+08
3.062262397826086879e+08
3.062262520702341199e+08
3.062262643578595519e+08
3.062262766454849243e+08
3.062262889331103563e+08
3.062263012207357883e+08
3.062263135083612204e+08
3.062263257959865928e+08
3.062263380836120248e+08
3.062263503712374568e+08
3.062263626588628888e+08
3.062263749464883208e+08
3.062263872341136932e+08
3.062263995217391253e+08
3.062264118093645573e+08
3.062264240969899893e+08
3.062264363846153617e+08
3.062264486722407937e+08
3.062264609598662257e+08
3.062264732474916577e+08
3.062264855351170301e+08
3.062264978227424622e+08
3.062265101103678942e+08
3.062265223979933262e+08
3.062265346856187582e+08
3.062265469732441306e+08
3.062265592608695626e+08
3.062265715484949946e+08
3.062265838361204267e+08
3.062265961237457991e+08
3.062266084113712311e+08
3.062266206989966631e+08
3.062266329866220951e+08
3.062266452742474675e+08
3.062266575618728995e+08
3.062266698494983315e+08
3.062266821371237636e+08
3.062266944247491360e+08
3.062267067123745680e+08
3.062267190000000000e+08
