3.062229010000000000e+08
3.062229131872909665e+08
3.062229253745819330e+08
3.062229375618728995e+08
3.062229497491638660e+08
3.062229619364548326e+08
3.062229741237457991e+08
3.062229863110367656e+08
3.062229984983277321e+08
3.062230106856187582e+08
3.062230228729097247e+08
3.062230350602006912e+08
3.062230472474916577e+08
3.062230594347826242e+08
3.062230716220735908e+08
3.062230838093645573e+08
3.062230959966555238e+08
3.062231081839464903e+08
3.062231203712374568e+08
3.062231325585284233e+08
3.062231447458193898e+08
3.062231569331103563e+08
3.062231691204013228e+08
3.062231813076922894e+08
3.062231934949832559e+08
3.062232056822742224e+08
3.062232178695651889e+08
3.062232300568562150e+08
3.062232422441471815e+08
3.062232544314381480e+08
3.062232666187291145e+08
3.062232788060200810e+08
3.062232909933110476e+08
3.062233031806020141e+08
3.062233153678929806e+08
3.062233275551839471e+08
3.062233397424749136e+08
3.062233519297658801e+08
3.062233641170568466e+08
3.062233763043478131e+08
3.062233884916387796e+08
3.062234006789297462e+08
3.062234128662207127e+08
3.062234250535116792e+08
3.062234372408027053e+08
3.062234494280936718e+08
3.062234616153846383e+08
3.062234738026756048e+08
3.062234859899665713e+08
3.062234981772575378e+08
3.062235103645485044e+08
3.062235225518394709e+08
3.062235347391304374e+08
3.062235469264214039e+08
3.062235591137123704e+08
3.062235713010033369e+08
3.062235834882943034e+08
3.062235956755852699e+08
3.062236078628762364e+08
3.062236200501672029e+08
3.062236322374581695e+08
3.062236444247491360e+08
3.062236566120401621e+08
3.062236687993311286e+08
3.062236809866220951e+08
3.062236931739130616e+08
3.062237053612040281e+08
3.062237175484949946e+08
3.062237297357859612e+08
3.062237419230769277e+08
3.062237541103678942e+08
3.062237662976588607e+08
3.062237784849498272e+08
3.062237906722407937e+08
3.062238028595317602e+08
3.062238150468227267e+08
3.062238272341136932e+08
3.062238394214046597e+08
3.062238516086956263e+08
3.062238637959865928e+08
3.062238759832776189e+08
3.062238881705685854e+08
3.062239003578595519e+08
3.062239125451505184e+08
3.062239247324414849e+08
3.062239369197324514e+08
3.062239491070234179e+08
3.062239612943143845e+08
3.062239734816053510e+08
3.062239856688963175e+08
3.062239978561872840e+08
3.062240100434782505e+08
3.062240222307692170e+08
3.062240344180601835e+08
3.062240466053511500e+08
3.062240587926421165e+08
3.062240709799330831e+08
3.062240831672241092e+08
3.062240953545150757e+08
3.062241075418060422e+08
3.062241197290970087e+08
3.062241319163879752e+08
3.062241441036789417e+08
3.062241562909699082e+08
3.062241684782608747e+08
3.062241806655518413e+08
3.062241928528428078e+08
3.062242050401337743e+08
3.062242172274247408e+08
3.062242294147157073e+08
3.062242416020066738e+08
3.062242537892976403e+08
3.062242659765886068e+08
3.062242781638795733e+08
3.062242903511705399e+08
3.062243025384615660e+08
3.062243147257525325e+08
3.062243269130434990e+08
3.062243391003344655e+08
3.062243512876254320e+08
3.062243634749163985e+08
3.062243756622073650e+08
3.062243878494983315e+08
3.062244000367892981e+08
3.062244122240802646e+08
3.062244244113712311e+08
3.062244365986621976e+08
3.062244487859531641e+08
3.062244609732441306e+08
3.062244731605350971e+08
3.062244853478260636e+08
3.062244975351170301e+08
3.062245097224080563e+08
3.062245219096990228e+08
3.062245340969899893e+08
3.062245462842809558e+08
3.062245584715719223e+08
3.062245706588628888e+08
3.062245828461538553e+08
3.062245950334448218e+08
3.062246072207357883e+08
3.062246194080267549e+08
3.062246315953177214e+08
3.062246437826086879e+08
3.062246559698996544e+08
3.062246681571906209e+08
3.062246803444815874e+08
3.062246925317725539e+08
3.062247047190635204e+08
3.062247169063544869e+08
3.062247290936455131e+08
3.062247412809364796e+08
3.062247534682274461e+08
3.062247656555184126e+08
3.062247778428093791e+08
3.062247900301003456e+08
3.062248022173913121e+08
3.062248144046822786e+08
3.062248265919732451e+08
3.062248387792642117e+08
3.062248509665551782e+08
3.062248631538461447e+08
3.062248753411371112e+08
3.062248875284280777e+08
3.062248997157190442e+08
3.062249119030100107e+08
3.062249240903009772e+08
3.062249362775919437e+08
3.062249484648829699e+08
3.062249606521739364e+08
3.062249728394649029e+08
3.062249850267558694e+08
3.062249972140468359e+08
3.062250094013378024e+08
3.062250215886287689e+08
3.062250337759197354e+08
3.062250459632107019e+08
3.062250581505016685e+08
3.062250703377926350e+08
3.062250825250836015e+08
3.062250947123745680e+08
3.062251068996655345e+08
3.062251190869565010e+08
3.062251312742474675e+08
3.062251434615384340e+08
3.062251556488294601e+08
3.062251678361204267e+08
3.062251800234113932e+08
3.062251922107023597e+08
3.062252043979933262e+08
3.062252165852842927e+08
3.062252287725752592e+08
3.062252409598662257e+08
3.062252531471571922e+08
3.062252653344481587e+08
3.062252775217391253e+08
3.062252897090300918e+08
3.062253018963210583e+08
3.062253140836120248e+08
3.062253262709029913e+08
3.062253384581939578e+08
3.062253506454849243e+08
3.062253628327758908e+08
3.062253750200669169e+08
3.062253872073578835e+08
3.062253993946488500e+08
3.062254115819398165e+08
3.062254237692307830e+08
3.062254359565217495e+08
3.062254481438127160e+08
3.062254603311036825e+08
3.062254725183946490e+08
3.062254847056856155e+08
3.062254968929765821e+08
3.062255090802675486e+08
3.062255212675585151e+08
3.062255334548494816e+08
3.062255456421404481e+08
3.062255578294314146e+08
3.062255700167223811e+08
3.062255822040134072e+08
3.062255943913043737e+08
3.062256065785953403e+08
3.062256187658863068e+08
3.062256309531772733e+08
3.062256431404682398e+08
3.062256553277592063e+08
3.062256675150501728e+08
3.062256797023411393e+08
3.062256918896321058e+08
3.062257040769230723e+08
3.062257162642140388e+08
3.062257284515050054e+08
3.062257406387959719e+08
3.062257528260869384e+08
3.062257650133779049e+08
3.062257772006688714e+08
3.062257893879598379e+08
3.062258015752508640e+08
3.062258137625418305e+08
3.062258259498327971e+08
3.062258381371237636e+08
3.062258503244147301e+08
3.062258625117056966e+08
3.062258746989966631e+08
3.062258868862876296e+08
3.062258990735785961e+08
3.062259112608695626e+08
3.062259234481605291e+08
3.062259356354514956e+08
3.062259478227424622e+08
3.062259600100334287e+08
3.062259721973243952e+08
3.062259843846153617e+08
3.062259965719063282e+08
3.062260087591972947e+08
3.062260209464883208e+08
3.062260331337792873e+08
3.062260453210702538e+08
3.062260575083612204e+08
3.062260696956521869e+08
3.062260818829431534e+08
3.062260940702341199e+08
3.062261062575250864e+08
3.062261184448160529e+08
3.062261306321070194e+08
3.062261428193979859e+08
3.062261550066889524e+08
3.062261671939799190e+08
3.062261793812708855e+08
3.062261915685618520e+08
3.062262037558528185e+08
3.062262159431437850e+08
3.062262281304348111e+08
3.062262403177257776e+08
3.062262525050167441e+08
3.062262646923077106e+08
3.062262768795986772e+08
3.062262890668896437e+08
3.062263012541806102e+08
3.062263134414715767e+08
3.062263256287625432e+08
3.062263378160535097e+08
3.062263500033444762e+08
3.062263621906354427e+08
3.062263743779264092e+08
3.062263865652173758e+08
3.062263987525083423e+08
3.062264109397993088e+08
3.062264231270902753e+08
3.062264353143812418e+08
3.062264475016722679e+08
3.062264596889632344e+08
3.062264718762542009e+08
3.062264840635451674e+08
3.062264962508361340e+08
3.062265084381271005e+08
3.062265206254180670e+08
3.062265328127090335e+08
3.062265450000000000e+08
