-9.633694490000000000e+08
-9.633694369018036127e+08
-9.633694248036072254e+08
-9.633694127054108381e+08
-9.633694006072144508e+08
-9.633693885090180635e+08
-9.633693764108216763e+08
-9.633693643126252890e+08
-9.633693522144289017e+08
-9.633693401162325144e+08
-9.633693280180361271e+08
-9.633693159198396206e+08
-9.633693038216432333e+08
-9.633692917234468460e+08
-9.633692796252504587e+08
-9.633692675270540714e+08
-9.633692554288576841e+08
-9.633692433306612968e+08
-9.633692312324649096e+08
-9.633692191342685223e+08
-9.633692070360721350e+08
-9.633691949378757477e+08
-9.633691828396793604e+08
-9.633691707414829731e+08
-9.633691586432865858e+08
-9.633691465450901985e+08
-9.633691344468938112e+08
-9.633691223486974239e+08
-9.633691102505010366e+08
-9.633690981523046494e+08
-9.633690860541082621e+08
-9.633690739559118748e+08
-9.633690618577154875e+08
-9.633690497595189810e+08
-9.633690376613225937e+08
-9.633690255631262064e+08
-9.633690134649298191e+08
-9.633690013667334318e+08
-9.633689892685370445e+08
-9.633689771703406572e+08
-9.633689650721442699e+08
-9.633689529739478827e+08
-9.633689408757514954e+08
-9.633689287775551081e+08
-9.633689166793587208e+08
-9.633689045811623335e+08
-9.633688924829659462e+08
-9.633688803847695589e+08
-9.633688682865731716e+08
-9.633688561883767843e+08
-9.633688440901803970e+08
-9.633688319919840097e+08
-9.633688198937876225e+08
-9.633688077955912352e+08
-9.633687956973948479e+08
-9.633687835991983414e+08
-9.633687715010019541e+08
-9.633687594028055668e+08
-9.633687473046091795e+08
-9.633687352064127922e+08
-9.633687231082164049e+08
-9.633687110100200176e+08
-9.633686989118236303e+08
-9.633686868136272430e+08
-9.633686747154308558e+08
-9.633686626172344685e+08
-9.633686505190380812e+08
-9.633686384208416939e+08
-9.633686263226453066e+08
-9.633686142244489193e+08
-9.633686021262525320e+08
-9.633685900280561447e+08
-9.633685779298597574e+08
-9.633685658316633701e+08
-9.633685537334669828e+08
-9.633685416352705956e+08
-9.633685295370740891e+08
-9.633685174388777018e+08
-9.633685053406813145e+08
-9.633684932424849272e+08
-9.633684811442885399e+08
-9.633684690460921526e+08
-9.633684569478957653e+08
-9.633684448496993780e+08
-9.633684327515029907e+08
-9.633684206533066034e+08
-9.633684085551102161e+08
-9.633683964569138288e+08
-9.633683843587174416e+08
-9.633683722605210543e+08
-9.633683601623246670e+08
-9.633683480641282797e+08
-9.633683359659318924e+08
-9.633683238677355051e+08
-9.633683117695391178e+08
-9.633682996713427305e+08
-9.633682875731463432e+08
-9.633682754749499559e+08
-9.633682633767534494e+08
-9.633682512785570621e+08
-9.633682391803606749e+08
-9.633682270821642876e+08
-9.633682149839679003e+08
-9.633682028857715130e+08
-9.633681907875751257e+08
-9.633681786893787384e+08
-9.633681665911823511e+08
-9.633681544929859638e+08
-9.633681423947895765e+08
-9.633681302965931892e+08
-9.633681181983968019e+08
-9.633681061002004147e+08
-9.633680940020040274e+08
-9.633680819038076401e+08
-9.633680698056112528e+08
-9.633680577074148655e+08
-9.633680456092184782e+08
-9.633680335110220909e+08
-9.633680214128257036e+08
-9.633680093146293163e+08
-9.633679972164328098e+08
-9.633679851182364225e+08
-9.633679730200400352e+08
-9.633679609218436480e+08
-9.633679488236472607e+08
-9.633679367254508734e+08
-9.633679246272544861e+08
-9.633679125290580988e+08
-9.633679004308617115e+08
-9.633678883326653242e+08
-9.633678762344689369e+08
-9.633678641362725496e+08
-9.633678520380761623e+08
-9.633678399398797750e+08
-9.633678278416833878e+08
-9.633678157434870005e+08
-9.633678036452906132e+08
-9.633677915470942259e+08
-9.633677794488978386e+08
-9.633677673507014513e+08
-9.633677552525050640e+08
-9.633677431543086767e+08
-9.633677310561121702e+08
-9.633677189579157829e+08
-9.633677068597193956e+08
-9.633676947615230083e+08
-9.633676826633266211e+08
-9.633676705651302338e+08
-9.633676584669338465e+08
-9.633676463687374592e+08
-9.633676342705410719e+08
-9.633676221723446846e+08
-9.633676100741482973e+08
-9.633675979759519100e+08
-9.633675858777555227e+08
-9.633675737795591354e+08
-9.633675616813627481e+08
-9.633675495831663609e+08
-9.633675374849699736e+08
-9.633675253867735863e+08
-9.633675132885771990e+08
-9.633675011903808117e+08
-9.633674890921844244e+08
-9.633674769939879179e+08
-9.633674648957915306e+08
-9.633674527975951433e+08
-9.633674406993987560e+08
-9.633674286012023687e+08
-9.633674165030059814e+08
-9.633674044048095942e+08
-9.633673923066132069e+08
-9.633673802084168196e+08
-9.633673681102204323e+08
-9.633673560120240450e+08
-9.633673439138276577e+08
-9.633673318156312704e+08
-9.633673197174348831e+08
-9.633673076192384958e+08
-9.633672955210421085e+08
-9.633672834228457212e+08
-9.633672713246493340e+08
-9.633672592264529467e+08
-9.633672471282565594e+08
-9.633672350300601721e+08
-9.633672229318637848e+08
-9.633672108336672783e+08
-9.633671987354708910e+08
-9.633671866372745037e+08
-9.633671745390781164e+08
-9.633671624408817291e+08
-9.633671503426853418e+08
-9.633671382444889545e+08
-9.633671261462925673e+08
-9.633671140480961800e+08
-9.633671019498997927e+08
-9.633670898517034054e+08
-9.633670777535070181e+08
-9.633670656553106308e+08
-9.633670535571142435e+08
-9.633670414589178562e+08
-9.633670293607214689e+08
-9.633670172625250816e+08
-9.633670051643286943e+08
-9.633669930661323071e+08
-9.633669809679359198e+08
-9.633669688697395325e+08
-9.633669567715431452e+08
-9.633669446733466387e+08
-9.633669325751502514e+08
-9.633669204769538641e+08
-9.633669083787574768e+08
-9.633668962805610895e+08
-9.633668841823647022e+08
-9.633668720841683149e+08
-9.633668599859719276e+08
-9.633668478877755404e+08
-9.633668357895791531e+08
-9.633668236913827658e+08
-9.633668115931863785e+08
-9.633667994949899912e+08
-9.633667873967936039e+08
-9.633667752985972166e+08
-9.633667632004008293e+08
-9.633667511022044420e+08
-9.633667390040080547e+08
-9.633667269058116674e+08
-9.633667148076152802e+08
-9.633667027094188929e+08
-9.633666906112223864e+08
-9.633666785130259991e+08
-9.633666664148296118e+08
-9.633666543166332245e+08
-9.633666422184368372e+08
-9.633666301202404499e+08
-9.633666180220440626e+08
-9.633666059238476753e+08
-9.633665938256512880e+08
-9.633665817274549007e+08
-9.633665696292585135e+08
-9.633665575310621262e+08
-9.633665454328657389e+08
-9.633665333346693516e+08
-9.633665212364729643e+08
-9.633665091382765770e+08
-9.633664970400801897e+08
-9.633664849418838024e+08
-9.633664728436874151e+08
-9.633664607454910278e+08
-9.633664486472946405e+08
-9.633664365490982533e+08
-9.633664244509017467e+08
-9.633664123527053595e+08
-9.633664002545089722e+08
-9.633663881563125849e+08
-9.633663760581161976e+08
-9.633663639599198103e+08
-9.633663518617234230e+08
-9.633663397635270357e+08
-9.633663276653306484e+08
-9.633663155671342611e+08
-9.633663034689378738e+08
-9.633662913707414865e+08
-9.633662792725450993e+08
-9.633662671743487120e+08
-9.633662550761523247e+08
-9.633662429779559374e+08
-9.633662308797595501e+08
-9.633662187815631628e+08
-9.633662066833667755e+08
-9.633661945851703882e+08
-9.633661824869740009e+08
-9.633661703887776136e+08
-9.633661582905811071e+08
-9.633661461923847198e+08
-9.633661340941883326e+08
-9.633661219959919453e+08
-9.633661098977955580e+08
-9.633660977995991707e+08
-9.633660857014027834e+08
-9.633660736032063961e+08
-9.633660615050100088e+08
-9.633660494068136215e+08
-9.633660373086172342e+08
-9.633660252104208469e+08
-9.633660131122244596e+08
-9.633660010140280724e+08
-9.633659889158316851e+08
-9.633659768176352978e+08
-9.633659647194389105e+08
-9.633659526212425232e+08
-9.633659405230461359e+08
-9.633659284248497486e+08
-9.633659163266533613e+08
-9.633659042284568548e+08
-9.633658921302604675e+08
-9.633658800320640802e+08
-9.633658679338676929e+08
-9.633658558356713057e+08
-9.633658437374749184e+08
-9.633658316392785311e+08
-9.633658195410821438e+08
-9.633658074428857565e+08
-9.633657953446893692e+08
-9.633657832464929819e+08
-9.633657711482965946e+08
-9.633657590501002073e+08
-9.633657469519038200e+08
-9.633657348537074327e+08
-9.633657227555110455e+08
-9.633657106573146582e+08
-9.633656985591182709e+08
-9.633656864609218836e+08
-9.633656743627254963e+08
-9.633656622645291090e+08
-9.633656501663327217e+08
-9.633656380681362152e+08
-9.633656259699398279e+08
-9.633656138717434406e+08
-9.633656017735470533e+08
-9.633655896753506660e+08
-9.633655775771542788e+08
-9.633655654789578915e+08
-9.633655533807615042e+08
-9.633655412825651169e+08
-9.633655291843687296e+08
-9.633655170861723423e+08
-9.633655049879759550e+08
-9.633654928897795677e+08
-9.633654807915831804e+08
-9.633654686933867931e+08
-9.633654565951904058e+08
-9.633654444969940186e+08
-9.633654323987976313e+08
-9.633654203006012440e+08
-9.633654082024048567e+08
-9.633653961042084694e+08
-9.633653840060120821e+08
-9.633653719078155756e+08
-9.633653598096191883e+08
-9.633653477114228010e+08
-9.633653356132264137e+08
-9.633653235150300264e+08
-9.633653114168336391e+08
-9.633652993186372519e+08
-9.633652872204408646e+08
-9.633652751222444773e+08
-9.633652630240480900e+08
-9.633652509258517027e+08
-9.633652388276553154e+08
-9.633652267294589281e+08
-9.633652146312625408e+08
-9.633652025330661535e+08
-9.633651904348697662e+08
-9.633651783366733789e+08
-9.633651662384769917e+08
-9.633651541402806044e+08
-9.633651420420842171e+08
-9.633651299438878298e+08
-9.633651178456913233e+08
-9.633651057474949360e+08
-9.633650936492985487e+08
-9.633650815511021614e+08
-9.633650694529057741e+08
-9.633650573547093868e+08
-9.633650452565129995e+08
-9.633650331583166122e+08
-9.633650210601202250e+08
-9.633650089619238377e+08
-9.633649968637274504e+08
-9.633649847655310631e+08
-9.633649726673346758e+08
-9.633649605691382885e+08
-9.633649484709419012e+08
-9.633649363727455139e+08
-9.633649242745491266e+08
-9.633649121763527393e+08
-9.633649000781563520e+08
-9.633648879799599648e+08
-9.633648758817635775e+08
-9.633648637835671902e+08
-9.633648516853706837e+08
-9.633648395871742964e+08
-9.633648274889779091e+08
-9.633648153907815218e+08
-9.633648032925851345e+08
-9.633647911943887472e+08
-9.633647790961923599e+08
-9.633647669979959726e+08
-9.633647548997995853e+08
-9.633647428016031981e+08
-9.633647307034068108e+08
-9.633647186052104235e+08
-9.633647065070140362e+08
-9.633646944088176489e+08
-9.633646823106212616e+08
-9.633646702124248743e+08
-9.633646581142284870e+08
-9.633646460160320997e+08
-9.633646339178357124e+08
-9.633646218196393251e+08
-9.633646097214429379e+08
-9.633645976232465506e+08
-9.633645855250500441e+08
-9.633645734268536568e+08
-9.633645613286572695e+08
-9.633645492304608822e+08
-9.633645371322644949e+08
-9.633645250340681076e+08
-9.633645129358717203e+08
-9.633645008376753330e+08
-9.633644887394789457e+08
-9.633644766412825584e+08
-9.633644645430861712e+08
-9.633644524448897839e+08
-9.633644403466933966e+08
-9.633644282484970093e+08
-9.633644161503006220e+08
-9.633644040521042347e+08
-9.633643919539078474e+08
-9.633643798557114601e+08
-9.633643677575150728e+08
-9.633643556593186855e+08
-9.633643435611222982e+08
-9.633643314629259109e+08
-9.633643193647294044e+08
-9.633643072665330172e+08
-9.633642951683366299e+08
-9.633642830701402426e+08
-9.633642709719438553e+08
-9.633642588737474680e+08
-9.633642467755510807e+08
-9.633642346773546934e+08
-9.633642225791583061e+08
-9.633642104809619188e+08
-9.633641983827655315e+08
-9.633641862845691442e+08
-9.633641741863727570e+08
-9.633641620881763697e+08
-9.633641499899799824e+08
-9.633641378917835951e+08
-9.633641257935872078e+08
-9.633641136953908205e+08
-9.633641015971944332e+08
-9.633640894989980459e+08
-9.633640774008016586e+08
-9.633640653026051521e+08
-9.633640532044087648e+08
-9.633640411062123775e+08
-9.633640290080159903e+08
-9.633640169098196030e+08
-9.633640048116232157e+08
-9.633639927134268284e+08
-9.633639806152304411e+08
-9.633639685170340538e+08
-9.633639564188376665e+08
-9.633639443206412792e+08
-9.633639322224448919e+08
-9.633639201242485046e+08
-9.633639080260521173e+08
-9.633638959278557301e+08
-9.633638838296593428e+08
-9.633638717314629555e+08
-9.633638596332665682e+08
-9.633638475350701809e+08
-9.633638354368737936e+08
-9.633638233386774063e+08
-9.633638112404810190e+08
-9.633637991422845125e+08
-9.633637870440881252e+08
-9.633637749458917379e+08
-9.633637628476953506e+08
-9.633637507494989634e+08
-9.633637386513025761e+08
-9.633637265531061888e+08
-9.633637144549098015e+08
-9.633637023567134142e+08
-9.633636902585170269e+08
-9.633636781603206396e+08
-9.633636660621242523e+08
-9.633636539639278650e+08
-9.633636418657314777e+08
-9.633636297675350904e+08
-9.633636176693387032e+08
-9.633636055711423159e+08
-9.633635934729459286e+08
-9.633635813747495413e+08
-9.633635692765531540e+08
-9.633635571783567667e+08
-9.633635450801603794e+08
-9.633635329819638729e+08
-9.633635208837674856e+08
-9.633635087855710983e+08
-9.633634966873747110e+08
-9.633634845891783237e+08
-9.633634724909819365e+08
-9.633634603927855492e+08
-9.633634482945891619e+08
-9.633634361963927746e+08
-9.633634240981963873e+08
-9.633634120000000000e+08
