3.062228780000000000e+08
3.062228916688963175e+08
3.062229053377926350e+08
3.062229190066889524e+08
3.062229326755852699e+08
3.062229463444815874e+08
3.062229600133779049e+08
3.062229736822742224e+08
3.062229873511705399e+08
3.062230010200669169e+08
3.062230146889632344e+08
3.062230283578595519e+08
3.062230420267558694e+08
3.062230556956521869e+08
3.062230693645485044e+08
3.062230830334448218e+08
3.062230967023411393e+08
3.062231103712374568e+08
3.062231240401337743e+08
3.062231377090300918e+08
3.062231513779264092e+08
3.062231650468227267e+08
3.062231787157190442e+08
3.062231923846153617e+08
3.062232060535116792e+08
3.062232197224080563e+08
3.062232333913043737e+08
3.062232470602006912e+08
3.062232607290970087e+08
3.062232743979933262e+08
3.062232880668896437e+08
3.062233017357859612e+08
3.062233154046822786e+08
3.062233290735785961e+08
3.062233427424749136e+08
3.062233564113712311e+08
3.062233700802675486e+08
3.062233837491638660e+08
3.062233974180601835e+08
3.062234110869565010e+08
3.062234247558528185e+08
3.062234384247491360e+08
3.062234520936455131e+08
3.062234657625418305e+08
3.062234794314381480e+08
3.062234931003344655e+08
3.062235067692307830e+08
3.062235204381271005e+08
3.062235341070234179e+08
3.062235477759197354e+08
3.062235614448160529e+08
3.062235751137123704e+08
3.062235887826086879e+08
3.062236024515050054e+08
3.062236161204013228e+08
3.062236297892976403e+08
3.062236434581939578e+08
3.062236571270902753e+08
3.062236707959865928e+08
3.062236844648829699e+08
3.062236981337792873e+08
3.062237118026756048e+08
3.062237254715719223e+08
3.062237391404682398e+08
3.062237528093645573e+08
3.062237664782608747e+08
3.062237801471571922e+08
3.062237938160535097e+08
3.062238074849498272e+08
3.062238211538461447e+08
3.062238348227424622e+08
3.062238484916387796e+08
3.062238621605350971e+08
3.062238758294314146e+08
3.062238894983277321e+08
3.062239031672241092e+08
3.062239168361204267e+08
3.062239305050167441e+08
3.062239441739130616e+08
3.062239578428093791e+08
3.062239715117056966e+08
3.062239851806020141e+08
3.062239988494983315e+08
3.062240125183946490e+08
3.062240261872909665e+08
3.062240398561872840e+08
3.062240535250836015e+08
3.062240671939799190e+08
3.062240808628762364e+08
3.062240945317725539e+08
3.062241082006688714e+08
3.062241218695651889e+08
3.062241355384615660e+08
3.062241492073578835e+08
3.062241628762542009e+08
3.062241765451505184e+08
3.062241902140468359e+08
3.062242038829431534e+08
3.062242175518394709e+08
3.062242312207357883e+08
3.062242448896321058e+08
3.062242585585284233e+08
3.062242722274247408e+08
3.062242858963210583e+08
3.062242995652173758e+08
3.062243132341136932e+08
3.062243269030100107e+08
3.062243405719063282e+08
3.062243542408027053e+08
3.062243679096990228e+08
3.062243815785953403e+08
3.062243952474916577e+08
3.062244089163879752e+08
3.062244225852842927e+08
3.062244362541806102e+08
3.062244499230769277e+08
3.062244635919732451e+08
3.062244772608695626e+08
3.062244909297658801e+08
3.062245045986621976e+08
3.062245182675585151e+08
3.062245319364548326e+08
3.062245456053511500e+08
3.062245592742474675e+08
3.062245729431437850e+08
3.062245866120401621e+08
3.062246002809364796e+08
3.062246139498327971e+08
3.062246276187291145e+08
3.062246412876254320e+08
3.062246549565217495e+08
3.062246686254180670e+08
3.062246822943143845e+08
3.062246959632107019e+08
3.062247096321070194e+08
3.062247233010033369e+08
3.062247369698996544e+08
3.062247506387959719e+08
3.062247643076922894e+08
3.062247779765886068e+08
3.062247916454849243e+08
3.062248053143812418e+08
3.062248189832776189e+08
3.062248326521739364e+08
3.062248463210702538e+08
3.062248599899665713e+08
3.062248736588628888e+08
3.062248873277592063e+08
3.062249009966555238e+08
3.062249146655518413e+08
3.062249283344481587e+08
3.062249420033444762e+08
3.062249556722407937e+08
3.062249693411371112e+08
3.062249830100334287e+08
3.062249966789297462e+08
3.062250103478260636e+08
3.062250240167223811e+08
3.062250376856187582e+08
3.062250513545150757e+08
3.062250650234113932e+08
3.062250786923077106e+08
3.062250923612040281e+08
3.062251060301003456e+08
3.062251196989966631e+08
3.062251333678929806e+08
3.062251470367892981e+08
3.062251607056856155e+08
3.062251743745819330e+08
3.062251880434782505e+08
3.062252017123745680e+08
3.062252153812708855e+08
3.062252290501672029e+08
3.062252427190635204e+08
3.062252563879598379e+08
3.062252700568562150e+08
3.062252837257525325e+08
3.062252973946488500e+08
3.062253110635451674e+08
3.062253247324414849e+08
3.062253384013378024e+08
3.062253520702341199e+08
3.062253657391304374e+08
3.062253794080267549e+08
3.062253930769230723e+08
3.062254067458193898e+08
3.062254204147157073e+08
3.062254340836120248e+08
3.062254477525083423e+08
3.062254614214046597e+08
3.062254750903009772e+08
3.062254887591972947e+08
3.062255024280936718e+08
3.062255160969899893e+08
3.062255297658863068e+08
3.062255434347826242e+08
3.062255571036789417e+08
3.062255707725752592e+08
3.062255844414715767e+08
3.062255981103678942e+08
3.062256117792642117e+08
3.062256254481605291e+08
3.062256391170568466e+08
3.062256527859531641e+08
3.062256664548494816e+08
3.062256801237457991e+08
3.062256937926421165e+08
3.062257074615384340e+08
3.062257211304348111e+08
3.062257347993311286e+08
3.062257484682274461e+08
3.062257621371237636e+08
3.062257758060200810e+08
3.062257894749163985e+08
3.062258031438127160e+08
3.062258168127090335e+08
3.062258304816053510e+08
3.062258441505016685e+08
3.062258578193979859e+08
3.062258714882943034e+08
3.062258851571906209e+08
3.062258988260869384e+08
3.062259124949832559e+08
3.062259261638795733e+08
3.062259398327758908e+08
3.062259535016722679e+08
3.062259671705685854e+08
3.062259808394649029e+08
3.062259945083612204e+08
3.062260081772575378e+08
3.062260218461538553e+08
3.062260355150501728e+08
3.062260491839464903e+08
3.062260628528428078e+08
3.062260765217391253e+08
3.062260901906354427e+08
3.062261038595317602e+08
3.062261175284280777e+08
3.062261311973243952e+08
3.062261448662207127e+08
3.062261585351170301e+08
3.062261722040134072e+08
3.062261858729097247e+08
3.062261995418060422e+08
3.062262132107023597e+08
3.062262268795986772e+08
3.062262405484949946e+08
3.062262542173913121e+08
3.062262678862876296e+08
3.062262815551839471e+08
3.062262952240802646e+08
3.062263088929765821e+08
3.062263225618728995e+08
3.062263362307692170e+08
3.062263498996655345e+08
3.062263635685618520e+08
3.062263772374581695e+08
3.062263909063544869e+08
3.062264045752508640e+08
3.062264182441471815e+08
3.062264319130434990e+08
3.062264455819398165e+08
3.062264592508361340e+08
3.062264729197324514e+08
3.062264865886287689e+08
3.062265002575250864e+08
3.062265139264214039e+08
3.062265275953177214e+08
3.062265412642140388e+08
3.062265549331103563e+08
3.062265686020066738e+08
3.062265822709029913e+08
3.062265959397993088e+08
3.062266096086956263e+08
3.062266232775919437e+08
3.062266369464883208e+08
3.062266506153846383e+08
3.062266642842809558e+08
3.062266779531772733e+08
3.062266916220735908e+08
3.062267052909699082e+08
3.062267189598662257e+08
3.062267326287625432e+08
3.062267462976588607e+08
3.062267599665551782e+08
3.062267736354514956e+08
3.062267873043478131e+08
3.062268009732441306e+08
3.062268146421404481e+08
3.062268283110367656e+08
3.062268419799330831e+08
3.062268556488294601e+08
3.062268693177257776e+08
3.062268829866220951e+08
3.062268966555184126e+08
3.062269103244147301e+08
3.062269239933110476e+08
3.062269376622073650e+08
3.062269513311036825e+08
3.062269650000000000e+08
