-9.633693670000000000e+08
-9.633693555911823511e+08
-9.633693441823647022e+08
-9.633693327735470533e+08
-9.633693213647294044e+08
-9.633693099559118748e+08
-9.633692985470942259e+08
-9.633692871382765770e+08
-9.633692757294589281e+08
-9.633692643206412792e+08
-9.633692529118236303e+08
-9.633692415030059814e+08
-9.633692300941883326e+08
-9.633692186853706837e+08
-9.633692072765531540e+08
-9.633691958677355051e+08
-9.633691844589178562e+08
-9.633691730501002073e+08
-9.633691616412825584e+08
-9.633691502324649096e+08
-9.633691388236472607e+08
-9.633691274148296118e+08
-9.633691160060120821e+08
-9.633691045971944332e+08
-9.633690931883767843e+08
-9.633690817795591354e+08
-9.633690703707414865e+08
-9.633690589619238377e+08
-9.633690475531061888e+08
-9.633690361442885399e+08
-9.633690247354708910e+08
-9.633690133266533613e+08
-9.633690019178357124e+08
-9.633689905090180635e+08
-9.633689791002004147e+08
-9.633689676913827658e+08
-9.633689562825651169e+08
-9.633689448737474680e+08
-9.633689334649298191e+08
-9.633689220561121702e+08
-9.633689106472946405e+08
-9.633688992384769917e+08
-9.633688878296593428e+08
-9.633688764208416939e+08
-9.633688650120240450e+08
-9.633688536032063961e+08
-9.633688421943887472e+08
-9.633688307855710983e+08
-9.633688193767534494e+08
-9.633688079679359198e+08
-9.633687965591182709e+08
-9.633687851503006220e+08
-9.633687737414829731e+08
-9.633687623326653242e+08
-9.633687509238476753e+08
-9.633687395150300264e+08
-9.633687281062123775e+08
-9.633687166973948479e+08
-9.633687052885771990e+08
-9.633686938797595501e+08
-9.633686824709419012e+08
-9.633686710621242523e+08
-9.633686596533066034e+08
-9.633686482444889545e+08
-9.633686368356713057e+08
-9.633686254268536568e+08
-9.633686140180361271e+08
-9.633686026092184782e+08
-9.633685912004008293e+08
-9.633685797915831804e+08
-9.633685683827655315e+08
-9.633685569739478827e+08
-9.633685455651302338e+08
-9.633685341563125849e+08
-9.633685227474949360e+08
-9.633685113386774063e+08
-9.633684999298597574e+08
-9.633684885210421085e+08
-9.633684771122244596e+08
-9.633684657034068108e+08
-9.633684542945891619e+08
-9.633684428857715130e+08
-9.633684314769538641e+08
-9.633684200681362152e+08
-9.633684086593186855e+08
-9.633683972505010366e+08
-9.633683858416833878e+08
-9.633683744328657389e+08
-9.633683630240480900e+08
-9.633683516152304411e+08
-9.633683402064127922e+08
-9.633683287975951433e+08
-9.633683173887776136e+08
-9.633683059799599648e+08
-9.633682945711423159e+08
-9.633682831623246670e+08
-9.633682717535070181e+08
-9.633682603446893692e+08
-9.633682489358717203e+08
-9.633682375270540714e+08
-9.633682261182364225e+08
-9.633682147094188929e+08
-9.633682033006012440e+08
-9.633681918917835951e+08
-9.633681804829659462e+08
-9.633681690741482973e+08
-9.633681576653306484e+08
-9.633681462565129995e+08
-9.633681348476953506e+08
-9.633681234388777018e+08
-9.633681120300601721e+08
-9.633681006212425232e+08
-9.633680892124248743e+08
-9.633680778036072254e+08
-9.633680663947895765e+08
-9.633680549859719276e+08
-9.633680435771542788e+08
-9.633680321683366299e+08
-9.633680207595189810e+08
-9.633680093507014513e+08
-9.633679979418838024e+08
-9.633679865330661535e+08
-9.633679751242485046e+08
-9.633679637154308558e+08
-9.633679523066132069e+08
-9.633679408977955580e+08
-9.633679294889779091e+08
-9.633679180801603794e+08
-9.633679066713427305e+08
-9.633678952625250816e+08
-9.633678838537074327e+08
-9.633678724448897839e+08
-9.633678610360721350e+08
-9.633678496272544861e+08
-9.633678382184368372e+08
-9.633678268096191883e+08
-9.633678154008016586e+08
-9.633678039919840097e+08
-9.633677925831663609e+08
-9.633677811743487120e+08
-9.633677697655310631e+08
-9.633677583567134142e+08
-9.633677469478957653e+08
-9.633677355390781164e+08
-9.633677241302604675e+08
-9.633677127214429379e+08
-9.633677013126252890e+08
-9.633676899038076401e+08
-9.633676784949899912e+08
-9.633676670861723423e+08
-9.633676556773546934e+08
-9.633676442685370445e+08
-9.633676328597193956e+08
-9.633676214509017467e+08
-9.633676100420842171e+08
-9.633675986332665682e+08
-9.633675872244489193e+08
-9.633675758156312704e+08
-9.633675644068136215e+08
-9.633675529979959726e+08
-9.633675415891783237e+08
-9.633675301803606749e+08
-9.633675187715431452e+08
-9.633675073627254963e+08
-9.633674959539078474e+08
-9.633674845450901985e+08
-9.633674731362725496e+08
-9.633674617274549007e+08
-9.633674503186372519e+08
-9.633674389098196030e+08
-9.633674275010019541e+08
-9.633674160921844244e+08
-9.633674046833667755e+08
-9.633673932745491266e+08
-9.633673818657314777e+08
-9.633673704569138288e+08
-9.633673590480961800e+08
-9.633673476392785311e+08
-9.633673362304608822e+08
-9.633673248216432333e+08
-9.633673134128257036e+08
-9.633673020040080547e+08
-9.633672905951904058e+08
-9.633672791863727570e+08
-9.633672677775551081e+08
-9.633672563687374592e+08
-9.633672449599198103e+08
-9.633672335511021614e+08
-9.633672221422845125e+08
-9.633672107334669828e+08
-9.633671993246493340e+08
-9.633671879158316851e+08
-9.633671765070140362e+08
-9.633671650981963873e+08
-9.633671536893787384e+08
-9.633671422805610895e+08
-9.633671308717434406e+08
-9.633671194629259109e+08
-9.633671080541082621e+08
-9.633670966452906132e+08
-9.633670852364729643e+08
-9.633670738276553154e+08
-9.633670624188376665e+08
-9.633670510100200176e+08
-9.633670396012023687e+08
-9.633670281923847198e+08
-9.633670167835671902e+08
-9.633670053747495413e+08
-9.633669939659318924e+08
-9.633669825571142435e+08
-9.633669711482965946e+08
-9.633669597394789457e+08
-9.633669483306612968e+08
-9.633669369218436480e+08
-9.633669255130259991e+08
-9.633669141042084694e+08
-9.633669026953908205e+08
-9.633668912865731716e+08
-9.633668798777555227e+08
-9.633668684689378738e+08
-9.633668570601202250e+08
-9.633668456513025761e+08
-9.633668342424849272e+08
-9.633668228336672783e+08
-9.633668114248497486e+08
-9.633668000160320997e+08
-9.633667886072144508e+08
-9.633667771983968019e+08
-9.633667657895791531e+08
-9.633667543807615042e+08
-9.633667429719438553e+08
-9.633667315631262064e+08
-9.633667201543086767e+08
-9.633667087454910278e+08
-9.633666973366733789e+08
-9.633666859278557301e+08
-9.633666745190380812e+08
-9.633666631102204323e+08
-9.633666517014027834e+08
-9.633666402925851345e+08
-9.633666288837674856e+08
-9.633666174749499559e+08
-9.633666060661323071e+08
-9.633665946573146582e+08
-9.633665832484970093e+08
-9.633665718396793604e+08
-9.633665604308617115e+08
-9.633665490220440626e+08
-9.633665376132264137e+08
-9.633665262044087648e+08
-9.633665147955912352e+08
-9.633665033867735863e+08
-9.633664919779559374e+08
-9.633664805691382885e+08
-9.633664691603206396e+08
-9.633664577515029907e+08
-9.633664463426853418e+08
-9.633664349338676929e+08
-9.633664235250500441e+08
-9.633664121162325144e+08
-9.633664007074148655e+08
-9.633663892985972166e+08
-9.633663778897795677e+08
-9.633663664809619188e+08
-9.633663550721442699e+08
-9.633663436633266211e+08
-9.633663322545089722e+08
-9.633663208456913233e+08
-9.633663094368737936e+08
-9.633662980280561447e+08
-9.633662866192384958e+08
-9.633662752104208469e+08
-9.633662638016031981e+08
-9.633662523927855492e+08
-9.633662409839679003e+08
-9.633662295751502514e+08
-9.633662181663327217e+08
-9.633662067575150728e+08
-9.633661953486974239e+08
-9.633661839398797750e+08
-9.633661725310621262e+08
-9.633661611222444773e+08
-9.633661497134268284e+08
-9.633661383046091795e+08
-9.633661268957915306e+08
-9.633661154869740009e+08
-9.633661040781563520e+08
-9.633660926693387032e+08
-9.633660812605210543e+08
-9.633660698517034054e+08
-9.633660584428857565e+08
-9.633660470340681076e+08
-9.633660356252504587e+08
-9.633660242164328098e+08
-9.633660128076152802e+08
-9.633660013987976313e+08
-9.633659899899799824e+08
-9.633659785811623335e+08
-9.633659671723446846e+08
-9.633659557635270357e+08
-9.633659443547093868e+08
-9.633659329458917379e+08
-9.633659215370740891e+08
-9.633659101282565594e+08
-9.633658987194389105e+08
-9.633658873106212616e+08
-9.633658759018036127e+08
-9.633658644929859638e+08
-9.633658530841683149e+08
-9.633658416753506660e+08
-9.633658302665330172e+08
-9.633658188577154875e+08
-9.633658074488978386e+08
-9.633657960400801897e+08
-9.633657846312625408e+08
-9.633657732224448919e+08
-9.633657618136272430e+08
-9.633657504048095942e+08
-9.633657389959919453e+08
-9.633657275871742964e+08
-9.633657161783567667e+08
-9.633657047695391178e+08
-9.633656933607214689e+08
-9.633656819519038200e+08
-9.633656705430861712e+08
-9.633656591342685223e+08
-9.633656477254508734e+08
-9.633656363166332245e+08
-9.633656249078155756e+08
-9.633656134989980459e+08
-9.633656020901803970e+08
-9.633655906813627481e+08
-9.633655792725450993e+08
-9.633655678637274504e+08
-9.633655564549098015e+08
-9.633655450460921526e+08
-9.633655336372745037e+08
-9.633655222284568548e+08
-9.633655108196393251e+08
-9.633654994108216763e+08
-9.633654880020040274e+08
-9.633654765931863785e+08
-9.633654651843687296e+08
-9.633654537755510807e+08
-9.633654423667334318e+08
-9.633654309579157829e+08
-9.633654195490982533e+08
-9.633654081402806044e+08
-9.633653967314629555e+08
-9.633653853226453066e+08
-9.633653739138276577e+08
-9.633653625050100088e+08
-9.633653510961923599e+08
-9.633653396873747110e+08
-9.633653282785570621e+08
-9.633653168697395325e+08
-9.633653054609218836e+08
-9.633652940521042347e+08
-9.633652826432865858e+08
-9.633652712344689369e+08
-9.633652598256512880e+08
-9.633652484168336391e+08
-9.633652370080159903e+08
-9.633652255991983414e+08
-9.633652141903808117e+08
-9.633652027815631628e+08
-9.633651913727455139e+08
-9.633651799639278650e+08
-9.633651685551102161e+08
-9.633651571462925673e+08
-9.633651457374749184e+08
-9.633651343286572695e+08
-9.633651229198396206e+08
-9.633651115110220909e+08
-9.633651001022044420e+08
-9.633650886933867931e+08
-9.633650772845691442e+08
-9.633650658757514954e+08
-9.633650544669338465e+08
-9.633650430581161976e+08
-9.633650316492985487e+08
-9.633650202404810190e+08
-9.633650088316633701e+08
-9.633649974228457212e+08
-9.633649860140280724e+08
-9.633649746052104235e+08
-9.633649631963927746e+08
-9.633649517875751257e+08
-9.633649403787574768e+08
-9.633649289699398279e+08
-9.633649175611222982e+08
-9.633649061523046494e+08
-9.633648947434870005e+08
-9.633648833346693516e+08
-9.633648719258517027e+08
-9.633648605170340538e+08
-9.633648491082164049e+08
-9.633648376993987560e+08
-9.633648262905811071e+08
-9.633648148817635775e+08
-9.633648034729459286e+08
-9.633647920641282797e+08
-9.633647806553106308e+08
-9.633647692464929819e+08
-9.633647578376753330e+08
-9.633647464288576841e+08
-9.633647350200400352e+08
-9.633647236112223864e+08
-9.633647122024048567e+08
-9.633647007935872078e+08
-9.633646893847695589e+08
-9.633646779759519100e+08
-9.633646665671342611e+08
-9.633646551583166122e+08
-9.633646437494989634e+08
-9.633646323406813145e+08
-9.633646209318637848e+08
-9.633646095230461359e+08
-9.633645981142284870e+08
-9.633645867054108381e+08
-9.633645752965931892e+08
-9.633645638877755404e+08
-9.633645524789578915e+08
-9.633645410701402426e+08
-9.633645296613225937e+08
-9.633645182525050640e+08
-9.633645068436874151e+08
-9.633644954348697662e+08
-9.633644840260521173e+08
-9.633644726172344685e+08
-9.633644612084168196e+08
-9.633644497995991707e+08
-9.633644383907815218e+08
-9.633644269819638729e+08
-9.633644155731463432e+08
-9.633644041643286943e+08
-9.633643927555110455e+08
-9.633643813466933966e+08
-9.633643699378757477e+08
-9.633643585290580988e+08
-9.633643471202404499e+08
-9.633643357114228010e+08
-9.633643243026051521e+08
-9.633643128937876225e+08
-9.633643014849699736e+08
-9.633642900761523247e+08
-9.633642786673346758e+08
-9.633642672585170269e+08
-9.633642558496993780e+08
-9.633642444408817291e+08
-9.633642330320640802e+08
-9.633642216232465506e+08
-9.633642102144289017e+08
-9.633641988056112528e+08
-9.633641873967936039e+08
-9.633641759879759550e+08
-9.633641645791583061e+08
-9.633641531703406572e+08
-9.633641417615230083e+08
-9.633641303527053595e+08
-9.633641189438878298e+08
-9.633641075350701809e+08
-9.633640961262525320e+08
-9.633640847174348831e+08
-9.633640733086172342e+08
-9.633640618997995853e+08
-9.633640504909819365e+08
-9.633640390821642876e+08
-9.633640276733466387e+08
-9.633640162645291090e+08
-9.633640048557114601e+08
-9.633639934468938112e+08
-9.633639820380761623e+08
-9.633639706292585135e+08
-9.633639592204408646e+08
-9.633639478116232157e+08
-9.633639364028055668e+08
-9.633639249939879179e+08
-9.633639135851703882e+08
-9.633639021763527393e+08
-9.633638907675350904e+08
-9.633638793587174416e+08
-9.633638679498997927e+08
-9.633638565410821438e+08
-9.633638451322644949e+08
-9.633638337234468460e+08
-9.633638223146293163e+08
-9.633638109058116674e+08
-9.633637994969940186e+08
-9.633637880881763697e+08
-9.633637766793587208e+08
-9.633637652705410719e+08
-9.633637538617234230e+08
-9.633637424529057741e+08
-9.633637310440881252e+08
-9.633637196352705956e+08
-9.633637082264529467e+08
-9.633636968176352978e+08
-9.633636854088176489e+08
-9.633636740000000000e+08
