3.062229330000000000e+08
3.062229459665551782e+08
3.062229589331103563e+08
3.062229718996655345e+08
3.062229848662207127e+08
3.062229978327758908e+08
3.062230107993311286e+08
3.062230237658863068e+08
3.062230367324414849e+08
3.062230496989966631e+08
3.062230626655518413e+08
3.062230756321070194e+08
3.062230885986621976e+08
3.062231015652173758e+08
3.062231145317725539e+08
3.062231274983277321e+08
3.062231404648829699e+08
3.062231534314381480e+08
3.062231663979933262e+08
3.062231793645485044e+08
3.062231923311036825e+08
3.062232052976588607e+08
3.062232182642140388e+08
3.062232312307692170e+08
3.062232441973243952e+08
3.062232571638795733e+08
3.062232701304348111e+08
3.062232830969899893e+08
3.062232960635451674e+08
3.062233090301003456e+08
3.062233219966555238e+08
3.062233349632107019e+08
3.062233479297658801e+08
3.062233608963210583e+08
3.062233738628762364e+08
3.062233868294314146e+08
3.062233997959865928e+08
3.062234127625418305e+08
3.062234257290970087e+08
3.062234386956521869e+08
3.062234516622073650e+08
3.062234646287625432e+08
3.062234775953177214e+08
3.062234905618728995e+08
3.062235035284280777e+08
3.062235164949832559e+08
3.062235294615384340e+08
3.062235424280936718e+08
3.062235553946488500e+08
3.062235683612040281e+08
3.062235813277592063e+08
3.062235942943143845e+08
3.062236072608695626e+08
3.062236202274247408e+08
3.062236331939799190e+08
3.062236461605350971e+08
3.062236591270902753e+08
3.062236720936455131e+08
3.062236850602006912e+08
3.062236980267558694e+08
3.062237109933110476e+08
3.062237239598662257e+08
3.062237369264214039e+08
3.062237498929765821e+08
3.062237628595317602e+08
3.062237758260869384e+08
3.062237887926421165e+08
3.062238017591972947e+08
3.062238147257525325e+08
3.062238276923077106e+08
3.062238406588628888e+08
3.062238536254180670e+08
3.062238665919732451e+08
3.062238795585284233e+08
3.062238925250836015e+08
3.062239054916387796e+08
3.062239184581939578e+08
3.062239314247491360e+08
3.062239443913043737e+08
3.062239573578595519e+08
3.062239703244147301e+08
3.062239832909699082e+08
3.062239962575250864e+08
3.062240092240802646e+08
3.062240221906354427e+08
3.062240351571906209e+08
3.062240481237457991e+08
3.062240610903009772e+08
3.062240740568562150e+08
3.062240870234113932e+08
3.062240999899665713e+08
3.062241129565217495e+08
3.062241259230769277e+08
3.062241388896321058e+08
3.062241518561872840e+08
3.062241648227424622e+08
3.062241777892976403e+08
3.062241907558528185e+08
3.062242037224080563e+08
3.062242166889632344e+08
3.062242296555184126e+08
3.062242426220735908e+08
3.062242555886287689e+08
3.062242685551839471e+08
3.062242815217391253e+08
3.062242944882943034e+08
3.062243074548494816e+08
3.062243204214046597e+08
3.062243333879598379e+08
3.062243463545150757e+08
3.062243593210702538e+08
3.062243722876254320e+08
3.062243852541806102e+08
3.062243982207357883e+08
3.062244111872909665e+08
3.062244241538461447e+08
3.062244371204013228e+08
3.062244500869565010e+08
3.062244630535116792e+08
3.062244760200669169e+08
3.062244889866220951e+08
3.062245019531772733e+08
3.062245149197324514e+08
3.062245278862876296e+08
3.062245408528428078e+08
3.062245538193979859e+08
3.062245667859531641e+08
3.062245797525083423e+08
3.062245927190635204e+08
3.062246056856187582e+08
3.062246186521739364e+08
3.062246316187291145e+08
3.062246445852842927e+08
3.062246575518394709e+08
3.062246705183946490e+08
3.062246834849498272e+08
3.062246964515050054e+08
3.062247094180601835e+08
3.062247223846153617e+08
3.062247353511705399e+08
3.062247483177257776e+08
3.062247612842809558e+08
3.062247742508361340e+08
3.062247872173913121e+08
3.062248001839464903e+08
3.062248131505016685e+08
3.062248261170568466e+08
3.062248390836120248e+08
3.062248520501672029e+08
3.062248650167223811e+08
3.062248779832776189e+08
3.062248909498327971e+08
3.062249039163879752e+08
3.062249168829431534e+08
3.062249298494983315e+08
3.062249428160535097e+08
3.062249557826086879e+08
3.062249687491638660e+08
3.062249817157190442e+08
3.062249946822742224e+08
3.062250076488294601e+08
3.062250206153846383e+08
3.062250335819398165e+08
3.062250465484949946e+08
3.062250595150501728e+08
3.062250724816053510e+08
3.062250854481605291e+08
3.062250984147157073e+08
3.062251113812708855e+08
3.062251243478260636e+08
3.062251373143812418e+08
3.062251502809364796e+08
3.062251632474916577e+08
3.062251762140468359e+08
3.062251891806020141e+08
3.062252021471571922e+08
3.062252151137123704e+08
3.062252280802675486e+08
3.062252410468227267e+08
3.062252540133779049e+08
3.062252669799330831e+08
3.062252799464883208e+08
3.062252929130434990e+08
3.062253058795986772e+08
3.062253188461538553e+08
3.062253318127090335e+08
3.062253447792642117e+08
3.062253577458193898e+08
3.062253707123745680e+08
3.062253836789297462e+08
3.062253966454849243e+08
3.062254096120401621e+08
3.062254225785953403e+08
3.062254355451505184e+08
3.062254485117056966e+08
3.062254614782608747e+08
3.062254744448160529e+08
3.062254874113712311e+08
3.062255003779264092e+08
3.062255133444815874e+08
3.062255263110367656e+08
3.062255392775919437e+08
3.062255522441471815e+08
3.062255652107023597e+08
3.062255781772575378e+08
3.062255911438127160e+08
3.062256041103678942e+08
3.062256170769230723e+08
3.062256300434782505e+08
3.062256430100334287e+08
3.062256559765886068e+08
3.062256689431437850e+08
3.062256819096990228e+08
3.062256948762542009e+08
3.062257078428093791e+08
3.062257208093645573e+08
3.062257337759197354e+08
3.062257467424749136e+08
3.062257597090300918e+08
3.062257726755852699e+08
3.062257856421404481e+08
3.062257986086956263e+08
3.062258115752508640e+08
3.062258245418060422e+08
3.062258375083612204e+08
3.062258504749163985e+08
3.062258634414715767e+08
3.062258764080267549e+08
3.062258893745819330e+08
3.062259023411371112e+08
3.062259153076922894e+08
3.062259282742474675e+08
3.062259412408027053e+08
3.062259542073578835e+08
3.062259671739130616e+08
3.062259801404682398e+08
3.062259931070234179e+08
3.062260060735785961e+08
3.062260190401337743e+08
3.062260320066889524e+08
3.062260449732441306e+08
3.062260579397993088e+08
3.062260709063544869e+08
3.062260838729097247e+08
3.062260968394649029e+08
3.062261098060200810e+08
3.062261227725752592e+08
3.062261357391304374e+08
3.062261487056856155e+08
3.062261616722407937e+08
3.062261746387959719e+08
3.062261876053511500e+08
3.062262005719063282e+08
3.062262135384615660e+08
3.062262265050167441e+08
3.062262394715719223e+08
3.062262524381271005e+08
3.062262654046822786e+08
3.062262783712374568e+08
3.062262913377926350e+08
3.062263043043478131e+08
3.062263172709029913e+08
3.062263302374581695e+08
3.062263432040134072e+08
3.062263561705685854e+08
3.062263691371237636e+08
3.062263821036789417e+08
3.062263950702341199e+08
3.062264080367892981e+08
3.062264210033444762e+08
3.062264339698996544e+08
3.062264469364548326e+08
3.062264599030100107e+08
3.062264728695651889e+08
3.062264858361204267e+08
3.062264988026756048e+08
3.062265117692307830e+08
3.062265247357859612e+08
3.062265377023411393e+08
3.062265506688963175e+08
3.062265636354514956e+08
3.062265766020066738e+08
3.062265895685618520e+08
3.062266025351170301e+08
3.062266155016722679e+08
3.062266284682274461e+08
3.062266414347826242e+08
3.062266544013378024e+08
3.062266673678929806e+08
3.062266803344481587e+08
3.062266933010033369e+08
3.062267062675585151e+08
3.062267192341136932e+08
3.062267322006688714e+08
3.062267451672241092e+08
3.062267581337792873e+08
3.062267711003344655e+08
3.062267840668896437e+08
3.062267970334448218e+08
3.062268100000000000e+08
