-9.633692510000000000e+08
-9.633692395711423159e+08
-9.633692281422845125e+08
-9.633692167134268284e+08
-9.633692052845691442e+08
-9.633691938557114601e+08
-9.633691824268536568e+08
-9.633691709979959726e+08
-9.633691595691382885e+08
-9.633691481402806044e+08
-9.633691367114228010e+08
-9.633691252825651169e+08
-9.633691138537074327e+08
-9.633691024248497486e+08
-9.633690909959919453e+08
-9.633690795671342611e+08
-9.633690681382765770e+08
-9.633690567094188929e+08
-9.633690452805610895e+08
-9.633690338517034054e+08
-9.633690224228457212e+08
-9.633690109939879179e+08
-9.633689995651302338e+08
-9.633689881362725496e+08
-9.633689767074148655e+08
-9.633689652785570621e+08
-9.633689538496993780e+08
-9.633689424208416939e+08
-9.633689309919840097e+08
-9.633689195631262064e+08
-9.633689081342685223e+08
-9.633688967054108381e+08
-9.633688852765531540e+08
-9.633688738476953506e+08
-9.633688624188376665e+08
-9.633688509899799824e+08
-9.633688395611222982e+08
-9.633688281322644949e+08
-9.633688167034068108e+08
-9.633688052745491266e+08
-9.633687938456913233e+08
-9.633687824168336391e+08
-9.633687709879759550e+08
-9.633687595591182709e+08
-9.633687481302604675e+08
-9.633687367014027834e+08
-9.633687252725450993e+08
-9.633687138436874151e+08
-9.633687024148296118e+08
-9.633686909859719276e+08
-9.633686795571142435e+08
-9.633686681282565594e+08
-9.633686566993987560e+08
-9.633686452705410719e+08
-9.633686338416833878e+08
-9.633686224128257036e+08
-9.633686109839679003e+08
-9.633685995551102161e+08
-9.633685881262525320e+08
-9.633685766973948479e+08
-9.633685652685370445e+08
-9.633685538396793604e+08
-9.633685424108216763e+08
-9.633685309819638729e+08
-9.633685195531061888e+08
-9.633685081242485046e+08
-9.633684966953908205e+08
-9.633684852665330172e+08
-9.633684738376753330e+08
-9.633684624088176489e+08
-9.633684509799599648e+08
-9.633684395511021614e+08
-9.633684281222444773e+08
-9.633684166933867931e+08
-9.633684052645291090e+08
-9.633683938356713057e+08
-9.633683824068136215e+08
-9.633683709779559374e+08
-9.633683595490982533e+08
-9.633683481202404499e+08
-9.633683366913827658e+08
-9.633683252625250816e+08
-9.633683138336672783e+08
-9.633683024048095942e+08
-9.633682909759519100e+08
-9.633682795470942259e+08
-9.633682681182364225e+08
-9.633682566893787384e+08
-9.633682452605210543e+08
-9.633682338316633701e+08
-9.633682224028055668e+08
-9.633682109739478827e+08
-9.633681995450901985e+08
-9.633681881162325144e+08
-9.633681766873747110e+08
-9.633681652585170269e+08
-9.633681538296593428e+08
-9.633681424008016586e+08
-9.633681309719438553e+08
-9.633681195430861712e+08
-9.633681081142284870e+08
-9.633680966853706837e+08
-9.633680852565129995e+08
-9.633680738276553154e+08
-9.633680623987976313e+08
-9.633680509699398279e+08
-9.633680395410821438e+08
-9.633680281122244596e+08
-9.633680166833667755e+08
-9.633680052545089722e+08
-9.633679938256512880e+08
-9.633679823967936039e+08
-9.633679709679359198e+08
-9.633679595390781164e+08
-9.633679481102204323e+08
-9.633679366813627481e+08
-9.633679252525050640e+08
-9.633679138236472607e+08
-9.633679023947895765e+08
-9.633678909659318924e+08
-9.633678795370740891e+08
-9.633678681082164049e+08
-9.633678566793587208e+08
-9.633678452505010366e+08
-9.633678338216432333e+08
-9.633678223927855492e+08
-9.633678109639278650e+08
-9.633677995350701809e+08
-9.633677881062123775e+08
-9.633677766773546934e+08
-9.633677652484970093e+08
-9.633677538196393251e+08
-9.633677423907815218e+08
-9.633677309619238377e+08
-9.633677195330661535e+08
-9.633677081042084694e+08
-9.633676966753506660e+08
-9.633676852464929819e+08
-9.633676738176352978e+08
-9.633676623887776136e+08
-9.633676509599198103e+08
-9.633676395310621262e+08
-9.633676281022044420e+08
-9.633676166733466387e+08
-9.633676052444889545e+08
-9.633675938156312704e+08
-9.633675823867735863e+08
-9.633675709579157829e+08
-9.633675595290580988e+08
-9.633675481002004147e+08
-9.633675366713427305e+08
-9.633675252424849272e+08
-9.633675138136272430e+08
-9.633675023847695589e+08
-9.633674909559118748e+08
-9.633674795270540714e+08
-9.633674680981963873e+08
-9.633674566693387032e+08
-9.633674452404810190e+08
-9.633674338116232157e+08
-9.633674223827655315e+08
-9.633674109539078474e+08
-9.633673995250500441e+08
-9.633673880961923599e+08
-9.633673766673346758e+08
-9.633673652384769917e+08
-9.633673538096191883e+08
-9.633673423807615042e+08
-9.633673309519038200e+08
-9.633673195230461359e+08
-9.633673080941883326e+08
-9.633672966653306484e+08
-9.633672852364729643e+08
-9.633672738076152802e+08
-9.633672623787574768e+08
-9.633672509498997927e+08
-9.633672395210421085e+08
-9.633672280921844244e+08
-9.633672166633266211e+08
-9.633672052344689369e+08
-9.633671938056112528e+08
-9.633671823767534494e+08
-9.633671709478957653e+08
-9.633671595190380812e+08
-9.633671480901803970e+08
-9.633671366613225937e+08
-9.633671252324649096e+08
-9.633671138036072254e+08
-9.633671023747495413e+08
-9.633670909458917379e+08
-9.633670795170340538e+08
-9.633670680881763697e+08
-9.633670566593186855e+08
-9.633670452304608822e+08
-9.633670338016031981e+08
-9.633670223727455139e+08
-9.633670109438878298e+08
-9.633669995150300264e+08
-9.633669880861723423e+08
-9.633669766573146582e+08
-9.633669652284568548e+08
-9.633669537995991707e+08
-9.633669423707414865e+08
-9.633669309418838024e+08
-9.633669195130259991e+08
-9.633669080841683149e+08
-9.633668966553106308e+08
-9.633668852264529467e+08
-9.633668737975951433e+08
-9.633668623687374592e+08
-9.633668509398797750e+08
-9.633668395110220909e+08
-9.633668280821642876e+08
-9.633668166533066034e+08
-9.633668052244489193e+08
-9.633667937955912352e+08
-9.633667823667334318e+08
-9.633667709378757477e+08
-9.633667595090180635e+08
-9.633667480801603794e+08
-9.633667366513025761e+08
-9.633667252224448919e+08
-9.633667137935872078e+08
-9.633667023647294044e+08
-9.633666909358717203e+08
-9.633666795070140362e+08
-9.633666680781563520e+08
-9.633666566492985487e+08
-9.633666452204408646e+08
-9.633666337915831804e+08
-9.633666223627254963e+08
-9.633666109338676929e+08
-9.633665995050100088e+08
-9.633665880761523247e+08
-9.633665766472946405e+08
-9.633665652184368372e+08
-9.633665537895791531e+08
-9.633665423607214689e+08
-9.633665309318637848e+08
-9.633665195030059814e+08
-9.633665080741482973e+08
-9.633664966452906132e+08
-9.633664852164328098e+08
-9.633664737875751257e+08
-9.633664623587174416e+08
-9.633664509298597574e+08
-9.633664395010019541e+08
-9.633664280721442699e+08
-9.633664166432865858e+08
-9.633664052144289017e+08
-9.633663937855710983e+08
-9.633663823567134142e+08
-9.633663709278557301e+08
-9.633663594989980459e+08
-9.633663480701402426e+08
-9.633663366412825584e+08
-9.633663252124248743e+08
-9.633663137835671902e+08
-9.633663023547093868e+08
-9.633662909258517027e+08
-9.633662794969940186e+08
-9.633662680681362152e+08
-9.633662566392785311e+08
-9.633662452104208469e+08
-9.633662337815631628e+08
-9.633662223527053595e+08
-9.633662109238476753e+08
-9.633661994949899912e+08
-9.633661880661323071e+08
-9.633661766372745037e+08
-9.633661652084168196e+08
-9.633661537795591354e+08
-9.633661423507014513e+08
-9.633661309218436480e+08
-9.633661194929859638e+08
-9.633661080641282797e+08
-9.633660966352705956e+08
-9.633660852064127922e+08
-9.633660737775551081e+08
-9.633660623486974239e+08
-9.633660509198396206e+08
-9.633660394909819365e+08
-9.633660280621242523e+08
-9.633660166332665682e+08
-9.633660052044087648e+08
-9.633659937755510807e+08
-9.633659823466933966e+08
-9.633659709178357124e+08
-9.633659594889779091e+08
-9.633659480601202250e+08
-9.633659366312625408e+08
-9.633659252024048567e+08
-9.633659137735470533e+08
-9.633659023446893692e+08
-9.633658909158316851e+08
-9.633658794869740009e+08
-9.633658680581161976e+08
-9.633658566292585135e+08
-9.633658452004008293e+08
-9.633658337715431452e+08
-9.633658223426853418e+08
-9.633658109138276577e+08
-9.633657994849699736e+08
-9.633657880561121702e+08
-9.633657766272544861e+08
-9.633657651983968019e+08
-9.633657537695391178e+08
-9.633657423406813145e+08
-9.633657309118236303e+08
-9.633657194829659462e+08
-9.633657080541082621e+08
-9.633656966252504587e+08
-9.633656851963927746e+08
-9.633656737675350904e+08
-9.633656623386774063e+08
-9.633656509098196030e+08
-9.633656394809619188e+08
-9.633656280521042347e+08
-9.633656166232465506e+08
-9.633656051943887472e+08
-9.633655937655310631e+08
-9.633655823366733789e+08
-9.633655709078155756e+08
-9.633655594789578915e+08
-9.633655480501002073e+08
-9.633655366212425232e+08
-9.633655251923847198e+08
-9.633655137635270357e+08
-9.633655023346693516e+08
-9.633654909058116674e+08
-9.633654794769538641e+08
-9.633654680480961800e+08
-9.633654566192384958e+08
-9.633654451903808117e+08
-9.633654337615230083e+08
-9.633654223326653242e+08
-9.633654109038076401e+08
-9.633653994749499559e+08
-9.633653880460921526e+08
-9.633653766172344685e+08
-9.633653651883767843e+08
-9.633653537595189810e+08
-9.633653423306612968e+08
-9.633653309018036127e+08
-9.633653194729459286e+08
-9.633653080440881252e+08
-9.633652966152304411e+08
-9.633652851863727570e+08
-9.633652737575150728e+08
-9.633652623286572695e+08
-9.633652508997995853e+08
-9.633652394709419012e+08
-9.633652280420842171e+08
-9.633652166132264137e+08
-9.633652051843687296e+08
-9.633651937555110455e+08
-9.633651823266533613e+08
-9.633651708977955580e+08
-9.633651594689378738e+08
-9.633651480400801897e+08
-9.633651366112223864e+08
-9.633651251823647022e+08
-9.633651137535070181e+08
-9.633651023246493340e+08
-9.633650908957915306e+08
-9.633650794669338465e+08
-9.633650680380761623e+08
-9.633650566092184782e+08
-9.633650451803606749e+08
-9.633650337515029907e+08
-9.633650223226453066e+08
-9.633650108937876225e+08
-9.633649994649298191e+08
-9.633649880360721350e+08
-9.633649766072144508e+08
-9.633649651783567667e+08
-9.633649537494989634e+08
-9.633649423206412792e+08
-9.633649308917835951e+08
-9.633649194629259109e+08
-9.633649080340681076e+08
-9.633648966052104235e+08
-9.633648851763527393e+08
-9.633648737474949360e+08
-9.633648623186372519e+08
-9.633648508897795677e+08
-9.633648394609218836e+08
-9.633648280320640802e+08
-9.633648166032063961e+08
-9.633648051743487120e+08
-9.633647937454910278e+08
-9.633647823166332245e+08
-9.633647708877755404e+08
-9.633647594589178562e+08
-9.633647480300601721e+08
-9.633647366012023687e+08
-9.633647251723446846e+08
-9.633647137434870005e+08
-9.633647023146293163e+08
-9.633646908857715130e+08
-9.633646794569138288e+08
-9.633646680280561447e+08
-9.633646565991983414e+08
-9.633646451703406572e+08
-9.633646337414829731e+08
-9.633646223126252890e+08
-9.633646108837674856e+08
-9.633645994549098015e+08
-9.633645880260521173e+08
-9.633645765971944332e+08
-9.633645651683366299e+08
-9.633645537394789457e+08
-9.633645423106212616e+08
-9.633645308817635775e+08
-9.633645194529057741e+08
-9.633645080240480900e+08
-9.633644965951904058e+08
-9.633644851663327217e+08
-9.633644737374749184e+08
-9.633644623086172342e+08
-9.633644508797595501e+08
-9.633644394509017467e+08
-9.633644280220440626e+08
-9.633644165931863785e+08
-9.633644051643286943e+08
-9.633643937354708910e+08
-9.633643823066132069e+08
-9.633643708777555227e+08
-9.633643594488978386e+08
-9.633643480200400352e+08
-9.633643365911823511e+08
-9.633643251623246670e+08
-9.633643137334669828e+08
-9.633643023046091795e+08
-9.633642908757514954e+08
-9.633642794468938112e+08
-9.633642680180361271e+08
-9.633642565891783237e+08
-9.633642451603206396e+08
-9.633642337314629555e+08
-9.633642223026051521e+08
-9.633642108737474680e+08
-9.633641994448897839e+08
-9.633641880160320997e+08
-9.633641765871742964e+08
-9.633641651583166122e+08
-9.633641537294589281e+08
-9.633641423006012440e+08
-9.633641308717434406e+08
-9.633641194428857565e+08
-9.633641080140280724e+08
-9.633640965851703882e+08
-9.633640851563125849e+08
-9.633640737274549007e+08
-9.633640622985972166e+08
-9.633640508697395325e+08
-9.633640394408817291e+08
-9.633640280120240450e+08
-9.633640165831663609e+08
-9.633640051543086767e+08
-9.633639937254508734e+08
-9.633639822965931892e+08
-9.633639708677355051e+08
-9.633639594388777018e+08
-9.633639480100200176e+08
-9.633639365811623335e+08
-9.633639251523046494e+08
-9.633639137234468460e+08
-9.633639022945891619e+08
-9.633638908657314777e+08
-9.633638794368737936e+08
-9.633638680080159903e+08
-9.633638565791583061e+08
-9.633638451503006220e+08
-9.633638337214429379e+08
-9.633638222925851345e+08
-9.633638108637274504e+08
-9.633637994348697662e+08
-9.633637880060120821e+08
-9.633637765771542788e+08
-9.633637651482965946e+08
-9.633637537194389105e+08
-9.633637422905811071e+08
-9.633637308617234230e+08
-9.633637194328657389e+08
-9.633637080040080547e+08
-9.633636965751502514e+08
-9.633636851462925673e+08
-9.633636737174348831e+08
-9.633636622885771990e+08
-9.633636508597193956e+08
-9.633636394308617115e+08
-9.633636280020040274e+08
-9.633636165731463432e+08
-9.633636051442885399e+08
-9.633635937154308558e+08
-9.633635822865731716e+08
-9.633635708577154875e+08
-9.633635594288576841e+08
-9.633635480000000000e+08
