-9.633694500000000000e+08
-9.633694383406813145e+08
-9.633694266813627481e+08
-9.633694150220440626e+08
-9.633694033627254963e+08
-9.633693917034068108e+08
-9.633693800440881252e+08
-9.633693683847695589e+08
-9.633693567254508734e+08
-9.633693450661323071e+08
-9.633693334068136215e+08
-9.633693217474949360e+08
-9.633693100881763697e+08
-9.633692984288576841e+08
-9.633692867695391178e+08
-9.633692751102204323e+08
-9.633692634509017467e+08
-9.633692517915831804e+08
-9.633692401322644949e+08
-9.633692284729459286e+08
-9.633692168136272430e+08
-9.633692051543086767e+08
-9.633691934949899912e+08
-9.633691818356713057e+08
-9.633691701763527393e+08
-9.633691585170340538e+08
-9.633691468577154875e+08
-9.633691351983968019e+08
-9.633691235390781164e+08
-9.633691118797595501e+08
-9.633691002204408646e+08
-9.633690885611222982e+08
-9.633690769018036127e+08
-9.633690652424849272e+08
-9.633690535831663609e+08
-9.633690419238476753e+08
-9.633690302645291090e+08
-9.633690186052104235e+08
-9.633690069458917379e+08
-9.633689952865731716e+08
-9.633689836272544861e+08
-9.633689719679359198e+08
-9.633689603086172342e+08
-9.633689486492985487e+08
-9.633689369899799824e+08
-9.633689253306612968e+08
-9.633689136713427305e+08
-9.633689020120240450e+08
-9.633688903527053595e+08
-9.633688786933867931e+08
-9.633688670340681076e+08
-9.633688553747495413e+08
-9.633688437154308558e+08
-9.633688320561121702e+08
-9.633688203967936039e+08
-9.633688087374749184e+08
-9.633687970781563520e+08
-9.633687854188376665e+08
-9.633687737595189810e+08
-9.633687621002004147e+08
-9.633687504408817291e+08
-9.633687387815631628e+08
-9.633687271222444773e+08
-9.633687154629259109e+08
-9.633687038036072254e+08
-9.633686921442885399e+08
-9.633686804849699736e+08
-9.633686688256512880e+08
-9.633686571663327217e+08
-9.633686455070140362e+08
-9.633686338476953506e+08
-9.633686221883767843e+08
-9.633686105290580988e+08
-9.633685988697395325e+08
-9.633685872104208469e+08
-9.633685755511021614e+08
-9.633685638917835951e+08
-9.633685522324649096e+08
-9.633685405731463432e+08
-9.633685289138276577e+08
-9.633685172545089722e+08
-9.633685055951904058e+08
-9.633684939358717203e+08
-9.633684822765531540e+08
-9.633684706172344685e+08
-9.633684589579157829e+08
-9.633684472985972166e+08
-9.633684356392785311e+08
-9.633684239799599648e+08
-9.633684123206412792e+08
-9.633684006613225937e+08
-9.633683890020040274e+08
-9.633683773426853418e+08
-9.633683656833667755e+08
-9.633683540240480900e+08
-9.633683423647294044e+08
-9.633683307054108381e+08
-9.633683190460921526e+08
-9.633683073867735863e+08
-9.633682957274549007e+08
-9.633682840681362152e+08
-9.633682724088176489e+08
-9.633682607494989634e+08
-9.633682490901803970e+08
-9.633682374308617115e+08
-9.633682257715431452e+08
-9.633682141122244596e+08
-9.633682024529057741e+08
-9.633681907935872078e+08
-9.633681791342685223e+08
-9.633681674749499559e+08
-9.633681558156312704e+08
-9.633681441563125849e+08
-9.633681324969940186e+08
-9.633681208376753330e+08
-9.633681091783567667e+08
-9.633680975190380812e+08
-9.633680858597193956e+08
-9.633680742004008293e+08
-9.633680625410821438e+08
-9.633680508817635775e+08
-9.633680392224448919e+08
-9.633680275631262064e+08
-9.633680159038076401e+08
-9.633680042444889545e+08
-9.633679925851703882e+08
-9.633679809258517027e+08
-9.633679692665330172e+08
-9.633679576072144508e+08
-9.633679459478957653e+08
-9.633679342885771990e+08
-9.633679226292585135e+08
-9.633679109699398279e+08
-9.633678993106212616e+08
-9.633678876513025761e+08
-9.633678759919840097e+08
-9.633678643326653242e+08
-9.633678526733466387e+08
-9.633678410140280724e+08
-9.633678293547093868e+08
-9.633678176953908205e+08
-9.633678060360721350e+08
-9.633677943767534494e+08
-9.633677827174348831e+08
-9.633677710581161976e+08
-9.633677593987976313e+08
-9.633677477394789457e+08
-9.633677360801603794e+08
-9.633677244208416939e+08
-9.633677127615230083e+08
-9.633677011022044420e+08
-9.633676894428857565e+08
-9.633676777835671902e+08
-9.633676661242485046e+08
-9.633676544649298191e+08
-9.633676428056112528e+08
-9.633676311462925673e+08
-9.633676194869740009e+08
-9.633676078276553154e+08
-9.633675961683366299e+08
-9.633675845090180635e+08
-9.633675728496993780e+08
-9.633675611903808117e+08
-9.633675495310621262e+08
-9.633675378717434406e+08
-9.633675262124248743e+08
-9.633675145531061888e+08
-9.633675028937876225e+08
-9.633674912344689369e+08
-9.633674795751502514e+08
-9.633674679158316851e+08
-9.633674562565129995e+08
-9.633674445971944332e+08
-9.633674329378757477e+08
-9.633674212785570621e+08
-9.633674096192384958e+08
-9.633673979599198103e+08
-9.633673863006012440e+08
-9.633673746412825584e+08
-9.633673629819638729e+08
-9.633673513226453066e+08
-9.633673396633266211e+08
-9.633673280040080547e+08
-9.633673163446893692e+08
-9.633673046853706837e+08
-9.633672930260521173e+08
-9.633672813667334318e+08
-9.633672697074148655e+08
-9.633672580480961800e+08
-9.633672463887776136e+08
-9.633672347294589281e+08
-9.633672230701402426e+08
-9.633672114108216763e+08
-9.633671997515029907e+08
-9.633671880921844244e+08
-9.633671764328657389e+08
-9.633671647735470533e+08
-9.633671531142284870e+08
-9.633671414549098015e+08
-9.633671297955912352e+08
-9.633671181362725496e+08
-9.633671064769538641e+08
-9.633670948176352978e+08
-9.633670831583166122e+08
-9.633670714989980459e+08
-9.633670598396793604e+08
-9.633670481803606749e+08
-9.633670365210421085e+08
-9.633670248617234230e+08
-9.633670132024048567e+08
-9.633670015430861712e+08
-9.633669898837674856e+08
-9.633669782244489193e+08
-9.633669665651302338e+08
-9.633669549058116674e+08
-9.633669432464929819e+08
-9.633669315871742964e+08
-9.633669199278557301e+08
-9.633669082685370445e+08
-9.633668966092184782e+08
-9.633668849498997927e+08
-9.633668732905811071e+08
-9.633668616312625408e+08
-9.633668499719438553e+08
-9.633668383126252890e+08
-9.633668266533066034e+08
-9.633668149939879179e+08
-9.633668033346693516e+08
-9.633667916753506660e+08
-9.633667800160320997e+08
-9.633667683567134142e+08
-9.633667566973948479e+08
-9.633667450380761623e+08
-9.633667333787574768e+08
-9.633667217194389105e+08
-9.633667100601202250e+08
-9.633666984008016586e+08
-9.633666867414829731e+08
-9.633666750821642876e+08
-9.633666634228457212e+08
-9.633666517635270357e+08
-9.633666401042084694e+08
-9.633666284448897839e+08
-9.633666167855710983e+08
-9.633666051262525320e+08
-9.633665934669338465e+08
-9.633665818076152802e+08
-9.633665701482965946e+08
-9.633665584889779091e+08
-9.633665468296593428e+08
-9.633665351703406572e+08
-9.633665235110220909e+08
-9.633665118517034054e+08
-9.633665001923847198e+08
-9.633664885330661535e+08
-9.633664768737474680e+08
-9.633664652144289017e+08
-9.633664535551102161e+08
-9.633664418957915306e+08
-9.633664302364729643e+08
-9.633664185771542788e+08
-9.633664069178357124e+08
-9.633663952585170269e+08
-9.633663835991983414e+08
-9.633663719398797750e+08
-9.633663602805610895e+08
-9.633663486212425232e+08
-9.633663369619238377e+08
-9.633663253026051521e+08
-9.633663136432865858e+08
-9.633663019839679003e+08
-9.633662903246493340e+08
-9.633662786653306484e+08
-9.633662670060120821e+08
-9.633662553466933966e+08
-9.633662436873747110e+08
-9.633662320280561447e+08
-9.633662203687374592e+08
-9.633662087094188929e+08
-9.633661970501002073e+08
-9.633661853907815218e+08
-9.633661737314629555e+08
-9.633661620721442699e+08
-9.633661504128257036e+08
-9.633661387535070181e+08
-9.633661270941883326e+08
-9.633661154348697662e+08
-9.633661037755510807e+08
-9.633660921162325144e+08
-9.633660804569138288e+08
-9.633660687975951433e+08
-9.633660571382765770e+08
-9.633660454789578915e+08
-9.633660338196393251e+08
-9.633660221603206396e+08
-9.633660105010019541e+08
-9.633659988416833878e+08
-9.633659871823647022e+08
-9.633659755230461359e+08
-9.633659638637274504e+08
-9.633659522044087648e+08
-9.633659405450901985e+08
-9.633659288857715130e+08
-9.633659172264529467e+08
-9.633659055671342611e+08
-9.633658939078155756e+08
-9.633658822484970093e+08
-9.633658705891783237e+08
-9.633658589298597574e+08
-9.633658472705410719e+08
-9.633658356112223864e+08
-9.633658239519038200e+08
-9.633658122925851345e+08
-9.633658006332665682e+08
-9.633657889739478827e+08
-9.633657773146293163e+08
-9.633657656553106308e+08
-9.633657539959919453e+08
-9.633657423366733789e+08
-9.633657306773546934e+08
-9.633657190180361271e+08
-9.633657073587174416e+08
-9.633656956993987560e+08
-9.633656840400801897e+08
-9.633656723807615042e+08
-9.633656607214429379e+08
-9.633656490621242523e+08
-9.633656374028055668e+08
-9.633656257434870005e+08
-9.633656140841683149e+08
-9.633656024248497486e+08
-9.633655907655310631e+08
-9.633655791062123775e+08
-9.633655674468938112e+08
-9.633655557875751257e+08
-9.633655441282565594e+08
-9.633655324689378738e+08
-9.633655208096191883e+08
-9.633655091503006220e+08
-9.633654974909819365e+08
-9.633654858316633701e+08
-9.633654741723446846e+08
-9.633654625130259991e+08
-9.633654508537074327e+08
-9.633654391943887472e+08
-9.633654275350701809e+08
-9.633654158757514954e+08
-9.633654042164328098e+08
-9.633653925571142435e+08
-9.633653808977955580e+08
-9.633653692384769917e+08
-9.633653575791583061e+08
-9.633653459198396206e+08
-9.633653342605210543e+08
-9.633653226012023687e+08
-9.633653109418838024e+08
-9.633652992825651169e+08
-9.633652876232465506e+08
-9.633652759639278650e+08
-9.633652643046091795e+08
-9.633652526452906132e+08
-9.633652409859719276e+08
-9.633652293266533613e+08
-9.633652176673346758e+08
-9.633652060080159903e+08
-9.633651943486974239e+08
-9.633651826893787384e+08
-9.633651710300601721e+08
-9.633651593707414865e+08
-9.633651477114228010e+08
-9.633651360521042347e+08
-9.633651243927855492e+08
-9.633651127334669828e+08
-9.633651010741482973e+08
-9.633650894148296118e+08
-9.633650777555110455e+08
-9.633650660961923599e+08
-9.633650544368737936e+08
-9.633650427775551081e+08
-9.633650311182364225e+08
-9.633650194589178562e+08
-9.633650077995991707e+08
-9.633649961402806044e+08
-9.633649844809619188e+08
-9.633649728216432333e+08
-9.633649611623246670e+08
-9.633649495030059814e+08
-9.633649378436874151e+08
-9.633649261843687296e+08
-9.633649145250500441e+08
-9.633649028657314777e+08
-9.633648912064127922e+08
-9.633648795470942259e+08
-9.633648678877755404e+08
-9.633648562284568548e+08
-9.633648445691382885e+08
-9.633648329098196030e+08
-9.633648212505010366e+08
-9.633648095911823511e+08
-9.633647979318637848e+08
-9.633647862725450993e+08
-9.633647746132264137e+08
-9.633647629539078474e+08
-9.633647512945891619e+08
-9.633647396352705956e+08
-9.633647279759519100e+08
-9.633647163166332245e+08
-9.633647046573146582e+08
-9.633646929979959726e+08
-9.633646813386774063e+08
-9.633646696793587208e+08
-9.633646580200400352e+08
-9.633646463607214689e+08
-9.633646347014027834e+08
-9.633646230420842171e+08
-9.633646113827655315e+08
-9.633645997234468460e+08
-9.633645880641282797e+08
-9.633645764048095942e+08
-9.633645647454910278e+08
-9.633645530861723423e+08
-9.633645414268536568e+08
-9.633645297675350904e+08
-9.633645181082164049e+08
-9.633645064488978386e+08
-9.633644947895791531e+08
-9.633644831302604675e+08
-9.633644714709419012e+08
-9.633644598116232157e+08
-9.633644481523046494e+08
-9.633644364929859638e+08
-9.633644248336672783e+08
-9.633644131743487120e+08
-9.633644015150300264e+08
-9.633643898557114601e+08
-9.633643781963927746e+08
-9.633643665370740891e+08
-9.633643548777555227e+08
-9.633643432184368372e+08
-9.633643315591182709e+08
-9.633643198997995853e+08
-9.633643082404810190e+08
-9.633642965811623335e+08
-9.633642849218436480e+08
-9.633642732625250816e+08
-9.633642616032063961e+08
-9.633642499438878298e+08
-9.633642382845691442e+08
-9.633642266252504587e+08
-9.633642149659318924e+08
-9.633642033066132069e+08
-9.633641916472946405e+08
-9.633641799879759550e+08
-9.633641683286572695e+08
-9.633641566693387032e+08
-9.633641450100200176e+08
-9.633641333507014513e+08
-9.633641216913827658e+08
-9.633641100320640802e+08
-9.633640983727455139e+08
-9.633640867134268284e+08
-9.633640750541082621e+08
-9.633640633947895765e+08
-9.633640517354708910e+08
-9.633640400761523247e+08
-9.633640284168336391e+08
-9.633640167575150728e+08
-9.633640050981963873e+08
-9.633639934388777018e+08
-9.633639817795591354e+08
-9.633639701202404499e+08
-9.633639584609218836e+08
-9.633639468016031981e+08
-9.633639351422845125e+08
-9.633639234829659462e+08
-9.633639118236472607e+08
-9.633639001643286943e+08
-9.633638885050100088e+08
-9.633638768456913233e+08
-9.633638651863727570e+08
-9.633638535270540714e+08
-9.633638418677355051e+08
-9.633638302084168196e+08
-9.633638185490982533e+08
-9.633638068897795677e+08
-9.633637952304608822e+08
-9.633637835711423159e+08
-9.633637719118236303e+08
-9.633637602525050640e+08
-9.633637485931863785e+08
-9.633637369338676929e+08
-9.633637252745491266e+08
-9.633637136152304411e+08
-9.633637019559118748e+08
-9.633636902965931892e+08
-9.633636786372745037e+08
-9.633636669779559374e+08
-9.633636553186372519e+08
-9.633636436593186855e+08
-9.633636320000000000e+08
